nohup: ignoring input
~/watchtower-experiments/scaling/app ~/watchtower-experiments/scaling/scripts
Serverless: Packaging service...
Serverless: Excluding development dependencies...
Serverless: Creating Stack...
Serverless: Checking Stack create progress...
........
Serverless: Stack create finished...
Serverless: Uploading CloudFormation file to S3...
Serverless: Uploading artifacts...
Serverless: Uploading service wt-full-flow.zip file to S3 (865.92 KB)...
Serverless: Validating template...
Serverless: Updating Stack...
Serverless: Checking Stack update progress...
.............................................................................................
Serverless: Stack update finished...
Service Information
service: wt-full-flow
stage: test
region: eu-west-1
stack: wt-full-flow-test
resources: 31
api keys:
  None
endpoints:
  GET - https://wo9w8loyac.execute-api.eu-west-1.amazonaws.com/test/microbmark
functions:
  hello: wt-full-flow-test-hello
  watchtower-ingestion: wt-full-flow-test-watchtower-ingestion
  watchtower-monitor: wt-full-flow-test-watchtower-monitor
  wt-monitor-trigger: wt-full-flow-test-wt-monitor-trigger
layers:
  None
Serverless: Run the "serverless" command to setup monitoring, troubleshooting and testing.
~/watchtower-experiments/scaling/scripts
Calling function at url: https://wo9w8loyac.execute-api.eu-west-1.amazonaws.com/test/microbmark
Calling function at url: https://wo9w8loyac.execute-api.eu-west-1.amazonaws.com/test/microbmark
Calling function at url: https://wo9w8loyac.execute-api.eu-west-1.amazonaws.com/test/microbmark
Calling function at url: https://wo9w8loyac.execute-api.eu-west-1.amazonaws.com/test/microbmark
Calling function at url: https://wo9w8loyac.execute-api.eu-west-1.amazonaws.com/test/microbmark
Calling function at url: https://wo9w8loyac.execute-api.eu-west-1.amazonaws.com/test/microbmark
Calling function at url: https://wo9w8loyac.execute-api.eu-west-1.amazonaws.com/test/microbmark
Calling function at url: https://wo9w8loyac.execute-api.eu-west-1.amazonaws.com/test/microbmark
{"message":"Done.","opid":"55aef82b-97b5-4803-b7cf-42df42246664"}{"message":"Done.","opid":"75598d97-1c70-4434-97bb-745affa6d529"}{"message":"Done.","opid":"20c38967-7365-479d-81ea-7fdf0c150528"}{"message":"Done.","opid":"ad9f0c42-c37b-4109-b872-0a7e0757c01d"}{"message":"Done.","opid":"a5d9965f-0792-471c-9d79-bda5147bf702"}{"message":"Done.","opid":"daea7268-53bf-4ae4-b675-bf5cd0637f1e"}{"message":"Done.","opid":"51fac431-b0a3-4de9-9848-71250b045858"}{"message":"Done.","opid":"ac247823-4013-4a8e-8dc8-6ea1682c6b70"}{"message":"Done.","opid":"c24564cd-4e54-4008-bc8b-a3d08775e640"}{"message":"Done.","opid":"2b0ff555-bbda-43b5-a4a9-bfbbfe55d961"}{"message":"Done.","opid":"a2401a67-dfc3-40ea-a61b-ad4e99362e5a"}{"message":"Done.","opid":"e0c8cb87-2f3c-4b3f-a318-566d9335b02f"}{"message":"Done.","opid":"d0893025-1ac4-4130-ab4e-d178a26f3b8b"}{"message":"Done.","opid":"c54e38f1-ff54-4f7d-9bd3-a5dd1c1a2e4d"}{"message":"Done.","opid":"a10d2a35-25d1-48bc-abe8-c60e251c328d"}{"message":"Done.","opid":"641e5a6d-5232-4976-9bce-1b61007cafa7"}{"message":"Done.","opid":"669aea56-718f-4080-bf45-1944e779fc72"}{"message":"Done.","opid":"c41ad20f-ecd1-4809-bcfb-b6a2130ffc13"}{"message":"Done.","opid":"2b4382af-8dc5-4578-9b28-56a3d664725c"}{"message":"Done.","opid":"f1b1c9b8-10fa-475a-8a53-966b9096bff8"}{"message":"Done.","opid":"1356e330-826d-4e43-a874-e5eecdf0e053"}{"message":"Done.","opid":"715c050b-1e9e-4afa-9d4b-941d9b1853ba"}{"message":"Done.","opid":"21c65f9d-4095-4ae9-bfe9-35608d598297"}{"message":"Done.","opid":"e891309b-5aee-4bf6-823b-8fd6bd37f481"}{"message":"Done.","opid":"45b8270b-c312-4719-adce-a9ff57e88b0d"}{"message":"Done.","opid":"0095706f-4fe0-48e8-b5e2-dec7ba9f75d4"}{"message":"Done.","opid":"983eb0cd-3466-4fd0-907a-3f8cb5f4f3b3"}{"message":"Done.","opid":"a83c1ad7-f73a-472b-b804-30a85bad94a5"}{"message":"Done.","opid":"3dda7199-a5a7-4b2b-80d9-f872e3e34673"}{"message":"Done.","opid":"811df930-6d1a-4552-9395-a921f8340a1d"}{"message":"Done.","opid":"b38610af-21f5-42e0-adaf-051d2108f7f9"}{"message":"Done.","opid":"b840a9da-0a2f-4c5e-b995-0f2e88b7d619"}{"message":"Done.","opid":"c4183eee-7eba-42c5-a903-4a9c02f86f72"}{"message":"Done.","opid":"c8055918-1445-4dcb-8184-de3492875c5d"}{"message":"Done.","opid":"e2786320-df32-4629-992d-1cf7eda31db6"}{"message":"Done.","opid":"bfea0044-783e-47d3-b8d6-26d895037ed7"}{"message":"Done.","opid":"d2a9a8be-cf41-4cf0-ba85-9377ab3e5861"}{"message":"Done.","opid":"b2ade71a-b971-4703-af58-2287b2838cbf"}{"message":"Done.","opid":"84e46712-d884-4b0d-a413-aa9d1fc604ae"}{"message":"Done.","opid":"459e5edf-4464-4022-b4c3-8b47fca48a29"}{"message":"Done.","opid":"d3833db8-07ab-46ad-95a7-419df7e6a3bc"}{"message":"Done.","opid":"c1c5951b-7488-4811-af1a-50f675e24843"}{"message":"Done.","opid":"eea401d3-5753-453c-89a2-524867e9e3ee"}{"message":"Done.","opid":"205a3eef-4174-491e-969a-da4c8aff0f6d"}{"message":"Done.","opid":"0356fdde-b096-43e8-9e1a-a291516a0c6b"}{"message":"Done.","opid":"bdb3b5d3-9abf-4c1f-8831-33c85c6353f8"}{"message":"Done.","opid":"208cfa03-5c9e-4f30-bd07-b673dd3c192c"}{"message":"Done.","opid":"225da515-9cea-4740-b6a6-2e53e648bd8c"}{"message":"Done.","opid":"57958aa4-7277-4cee-ba52-94941d4996fd"}{"message":"Done.","opid":"0fe759f5-c6cd-433d-9482-249e5c6c74eb"}{"message":"Done.","opid":"cfd1f058-f3fa-48bb-b3cd-126789eae441"}{"message":"Done.","opid":"5f650b41-4adc-4d5f-a3e4-a4cb6a55587e"}{"message":"Done.","opid":"825f3f32-5544-4348-ab0d-91a8584ad9a4"}{"message":"Done.","opid":"b28c11c8-5dd8-4c2f-b07e-0190c4feff55"}{"message":"Done.","opid":"d5d09d52-3da7-4d6a-bc26-46994e7db3d9"}{"message":"Done.","opid":"90ce8c4a-e426-4c15-9252-f5c9f806d41b"}{"message":"Done.","opid":"ff58e300-fc4e-4edc-b7a0-0dd8b20a7ab0"}{"message":"Done.","opid":"cdea205b-6f7a-49f2-a9a0-830c13ff77b3"}{"message":"Done.","opid":"4e23662d-d50b-43df-a20c-d4c5a83f815a"}{"message":"Done.","opid":"70074bc8-b83a-4af0-acf6-ccee09ecc020"}{"message":"Done.","opid":"a872416f-0d30-4de2-97ea-42ec85c4d0de"}{"message":"Done.","opid":"21dccc61-3056-4797-be86-3ff312fdc51d"}{"message":"Done.","opid":"d51f980d-3da6-464d-9157-b43db83e9a6a"}{"message":"Done.","opid":"020ded4c-2ae8-4be5-97cb-8daca9f94379"}{"message":"Done.","opid":"1e5cb375-79c5-4e66-9d9d-4c6efab7ebe0"}{"message":"Done.","opid":"1fa868d8-bff4-4e6b-878e-7dd37849b4e2"}{"message":"Done.","opid":"34f682a5-c95c-4f6e-8c2b-70887d176925"}{"message":"Done.","opid":"d2c4e962-5e5b-4cfa-a08f-ed1e1fea37d5"}{"message":"Done.","opid":"d7088331-2daa-4821-a4a6-8c1d32e219fd"}{"message":"Done.","opid":"d1d9b768-e1ab-4492-8b7d-386f2cfd8811"}{"message":"Done.","opid":"a44b7d46-b86d-4d05-a829-0321ae57f04a"}{"message":"Done.","opid":"b3424b3a-c0e8-4e0a-bff9-788ab59e1e55"}{"message":"Done.","opid":"440647e4-f65a-4a93-a423-39c78fd0cf28"}{"message":"Done.","opid":"e492771c-b418-4ff3-90b4-54a96c1492e1"}{"message":"Done.","opid":"d3c9c7fd-af9e-475c-b503-efc429f086c2"}{"message":"Done.","opid":"a6350fe3-1974-4e3a-a4b0-e9359efd0148"}{"message":"Done.","opid":"c5f390be-58d5-46c3-bbb6-bd97136a679c"}{"message":"Done.","opid":"7fc48df7-660c-4070-94b7-126e9d83ab24"}{"message":"Done.","opid":"f67dccbd-77a5-4f56-b8be-d39057f58b65"}{"message":"Done.","opid":"456fdba3-f163-4919-aa92-62f051bb8cc6"}{"message":"Done.","opid":"3fc12099-3eef-4935-9977-5548f51f9582"}{"message":"Done.","opid":"7890ce2f-79f9-40f1-ba35-bc582559b38d"}{"message":"Done.","opid":"38f3de72-f19b-4100-90b4-de31ce1fc57b"}{"message":"Done.","opid":"5ac5c7b5-5955-4bc7-bccf-0a9b860f1c23"}{"message":"Done.","opid":"e32213f3-a047-442d-aa1c-c507bc7e1ec9"}{"message":"Done.","opid":"bcf68508-b19c-40ef-a6d9-58a04e40342c"}{"message":"Done.","opid":"5670420b-ae12-469b-8cd9-4f7997fa6b9e"}{"message":"Done.","opid":"74e369e1-d5ba-4b1d-9106-35c8d4bb7f95"}{"message":"Done.","opid":"3ffb0e27-6f6f-435d-9c0b-a33e71a31da3"}{"message":"Done.","opid":"a862d31c-8428-401b-a4f5-71f3a38617fd"}{"message":"Done.","opid":"21d88c60-dc9a-44f1-b6b7-f4cca8fd7627"}{"message":"Done.","opid":"5e7d0d70-b2b7-454e-beb4-802df51e4cda"}{"message":"Done.","opid":"a9d3f00b-8fd0-40f6-927f-413d684f1da5"}{"message":"Done.","opid":"6f1d87d7-05dc-4fd1-9bb4-9c1d9d5f1604"}{"message":"Done.","opid":"83aa3904-90d9-45ae-9441-768b2647a9c8"}{"message":"Done.","opid":"e908c73a-44c7-43a8-b4fe-961902df44a7"}{"message":"Done.","opid":"d10e674e-d1ef-406f-8835-dd149c52c97a"}{"message":"Done.","opid":"56f7dee7-0bde-40a7-bd05-2f289fd76fc3"}{"message":"Done.","opid":"47371099-ae3b-4803-ad53-bc9d182c014c"}{"message":"Done.","opid":"8decfcc6-bd3c-4561-b52c-6d9be8fadd40"}{"message":"Done.","opid":"0affac7b-f43b-46b3-b937-6ec3c2dd45bd"}{"message":"Done.","opid":"545c78ae-64b2-41c7-9134-2b7d10bdebc5"}{"message":"Done.","opid":"89d11d22-6946-419a-b0a9-721cf19b05ac"}{"message":"Done.","opid":"1ad2b77c-a6b0-428e-b461-2c2987198279"}{"message":"Done.","opid":"045fdf7b-e73d-4d3a-9249-1890320bc777"}{"message":"Done.","opid":"94f4640d-84f2-4ac5-a087-ba9d9e3ed980"}{"message":"Done.","opid":"f3a45452-35a1-4c12-adb2-0b973ca54ee4"}{"message":"Done.","opid":"bd2f1c7a-2b45-4601-bfc1-cf4464405d47"}{"message":"Done.","opid":"eb18795c-0fe8-48d7-a425-1f6d27a1bae2"}{"message":"Done.","opid":"f2bb5338-1a54-4fa1-9fe2-fa8b3538d3e4"}{"message":"Done.","opid":"e77503b1-eb05-4a9c-8163-571edfb809c4"}{"message":"Done.","opid":"4723b8e4-5deb-4979-8cfd-313b34f03ffe"}{"message":"Done.","opid":"c9e89047-d537-43d5-b7f9-06df223d1388"}{"message":"Done.","opid":"a47dcea4-64a1-4194-b6de-fa5ed4b9bad1"}{"message":"Done.","opid":"bc07aa2b-d07e-45c6-ac17-54600e8d10a1"}{"message":"Done.","opid":"4c19b38b-a6f1-4914-b841-5bdbdb909e52"}{"message":"Done.","opid":"3b8edde5-8b4c-4d45-ad32-b68bd9528277"}{"message":"Done.","opid":"09e396a1-57c1-4ded-b12b-195343260126"}{"message":"Done.","opid":"ee81ff6e-91f3-469a-a7df-a40978adadd4"}{"message":"Done.","opid":"c794fedf-196a-4de4-a0d9-413807e5eec9"}{"message":"Done.","opid":"e1d7b8f0-cfd5-42da-bb2d-7ca20d70bd32"}{"message":"Done.","opid":"0935a159-6a4e-49b2-a24a-f6d2150e3480"}{"message":"Done.","opid":"920a28bf-8cd5-449f-bc67-c8bfc3a90d3e"}{"message":"Done.","opid":"4415bb14-b0f0-4b2f-9af8-18df71c4156f"}{"message":"Done.","opid":"0aa438b1-40ae-4215-86cc-58608d4267a0"}{"message":"Done.","opid":"bab31713-ef87-4f3a-9c1d-c23d66d533a9"}{"message":"Done.","opid":"177e35a6-48a7-4b25-89a3-48ca9d7fd6f9"}{"message":"Done.","opid":"efc5e9aa-182f-4e87-b850-2b7daa5f941a"}{"message":"Done.","opid":"204a349f-f7ff-4ffe-80c9-5aa9b605ba0c"}{"message":"Done.","opid":"df3db814-3b00-4703-9809-b5b0ef56e209"}{"message":"Done.","opid":"b383f990-150b-4791-9a32-36fe19b0c69d"}{"message":"Done.","opid":"f81bc2c6-6ecb-4df4-89a3-2e162e95f020"}{"message":"Done.","opid":"2a25889e-e41b-4558-8d5b-5b1106a11787"}{"message":"Done.","opid":"558cd95f-8dae-4bbd-9ca9-55a966d6f1eb"}{"message":"Done.","opid":"438ddd07-8dc0-4ccf-a5f5-4363b4650298"}{"message":"Done.","opid":"d4a9b2fd-f1db-4270-8514-45d78879b441"}{"message":"Done.","opid":"977b361f-dd32-4f61-81a5-1eb0460ba780"}{"message":"Done.","opid":"fcf7d1da-7ca2-48c0-aa4c-94648a9f01af"}{"message":"Done.","opid":"faaa96ed-e11b-4f34-bdb4-d728a5886673"}{"message":"Done.","opid":"04f0e9dd-8f1d-4f46-b748-0818def87c31"}{"message":"Done.","opid":"0fea6f5b-e87f-4cf9-abf3-09146df1df30"}{"message":"Done.","opid":"78d128f4-58cc-4913-83a8-3c1fc7e07187"}{"message":"Done.","opid":"bd2a7b03-ec5d-45db-88f5-2f27dc1bd5fc"}{"message":"Done.","opid":"006eee47-d0f5-4e25-a522-6f29164f6903"}{"message":"Done.","opid":"eb06d242-6a96-401b-8960-c3644de5d7b2"}{"message":"Done.","opid":"6528c882-2e15-40e9-ae31-bf6246ab61d0"}{"message":"Done.","opid":"5702882d-9ecd-41c7-a01f-c5afa95dd91a"}{"message":"Done.","opid":"c9df8934-2c47-42d2-9ddb-9db59fb6e886"}{"message":"Done.","opid":"51d27e3e-0556-4384-ab1f-99c09edc4e92"}{"message":"Done.","opid":"95eb61e5-1c8d-4daf-ae4a-c27f7cfc300a"}{"message":"Done.","opid":"bcd2bb5d-c469-4991-83d1-24a1f621f685"}{"message":"Done.","opid":"0e98b73b-32b8-450b-ae94-7df81b90d454"}{"message":"Done.","opid":"84d0ed34-ac5a-4b8c-9e39-33494baec2d2"}{"message":"Done.","opid":"299062fe-5c26-4060-a71d-b0d9cee05a44"}{"message":"Done.","opid":"ddd744aa-f469-4c80-887c-a50e81964108"}{"message":"Done.","opid":"23b44496-6cbc-4d4f-b9ad-d1ba24f5a3b7"}{"message":"Done.","opid":"7b5aac4d-87d3-4149-af31-a476e21deccb"}{"message":"Done.","opid":"90a00817-d679-4002-97a1-74d006fb6bfb"}{"message":"Done.","opid":"aa6f2d77-5bae-4816-8713-ba5782136f2c"}{"message":"Done.","opid":"3852667a-ace0-4418-b5a9-001dcd386340"}{"message":"Done.","opid":"ee434ed7-3cde-4bf2-a205-2f3ff6d711a3"}{"message":"Done.","opid":"11e09628-d344-4912-ad54-d0f0616f1c63"}{"message":"Done.","opid":"baaba5f2-e653-4cfc-9f62-e61d6129c11a"}{"message":"Done.","opid":"6dd638e7-dcfa-4681-80e8-7fba9f54c00f"}{"message":"Done.","opid":"bab29a1d-53b3-45cf-85e4-6cfd042be2c9"}{"message":"Done.","opid":"e094ad1e-4c48-472c-8d9e-79f5fe102567"}{"message":"Done.","opid":"e812d6a8-691d-4192-86b1-74264ba34b47"}{"message":"Done.","opid":"8ae91b33-8377-4d3c-93ec-19c82efeecd0"}{"message":"Done.","opid":"db02362b-38f7-40eb-83e3-930e3b714217"}{"message":"Done.","opid":"4e6a1c16-7b2b-4551-92b8-59b149fc383a"}{"message":"Done.","opid":"b0401942-8635-46b2-8557-81ab91291eff"}{"message":"Done.","opid":"98bdd458-0601-4b86-8844-09fc7dfb0ba2"}{"message":"Done.","opid":"b203595d-5592-48c1-89c5-aad9c73a3ec6"}{"message":"Done.","opid":"1ca199ca-8de0-4d9f-882b-c85d2119aabc"}{"message":"Done.","opid":"33be0a27-fd9e-46e7-af6c-7c46e3229709"}{"message":"Done.","opid":"86dd59e1-8f86-400f-aca0-58193d747272"}{"message":"Done.","opid":"443d2bea-e8c1-4bfc-9667-b5f6fe6c5972"}{"message":"Done.","opid":"6a5a7169-c715-450f-aaab-e4a9ccb5659d"}{"message":"Done.","opid":"3d0f309e-ffd1-47f8-aae0-9138493a9913"}{"message":"Done.","opid":"8bca5f54-675a-4c8a-a061-8d7327f9d876"}{"message":"Done.","opid":"7a44b9c5-d230-42b8-ac4c-9ba3ea312ae3"}{"message":"Done.","opid":"e24f990c-f44e-4f42-a8ad-0905955fc5cd"}{"message":"Done.","opid":"7d4ab1cf-c653-49bd-9c2d-cf862f5931a4"}{"message":"Done.","opid":"f5c796ab-5f75-43a9-b500-63b2647281e1"}{"message":"Done.","opid":"c0a602ed-e5eb-4df7-b354-c13ed7073291"}{"message":"Done.","opid":"6633670a-0f02-400a-a807-49bb09f4abad"}{"message":"Done.","opid":"876c9cdd-03bd-4cb1-8ac9-37cb58bce1f3"}{"message":"Done.","opid":"a52f3b36-a459-4713-992e-bd104c470790"}{"message":"Done.","opid":"ed1a9d74-b5af-4316-a0e7-8a164e7e26d4"}{"message":"Done.","opid":"8241e4d9-505d-4ea1-8306-8828d31fc7cc"}{"message":"Done.","opid":"8a6cadb4-4825-4ad1-a1ba-aed82ed64546"}{"message":"Done.","opid":"e8b15e47-693a-40d0-afa3-33e3d1a5431f"}{"message":"Done.","opid":"d86352ee-c25c-4060-a450-c2d9808c61b5"}{"message":"Done.","opid":"2abb200d-602f-45cd-979c-bf101aecd5b8"}{"message":"Done.","opid":"ce1731d1-0e7b-4249-bee5-46aa0d1d8a06"}{"message":"Done.","opid":"2c17716e-4f39-4f64-9b16-201a6f840e1c"}{"message":"Done.","opid":"69d493ec-7658-4e7b-9fa6-540a499b5e79"}{"message":"Done.","opid":"748c80cf-c549-4966-a7e0-aec8eac64707"}{"message":"Done.","opid":"4b679a32-ba0d-45c8-afa6-61ddf5922380"}{"message":"Done.","opid":"c5f86126-73cd-49c7-8852-a2aac8fd55a3"}{"message":"Done.","opid":"abe82899-776f-4242-b365-9e4cb20ed093"}{"message":"Done.","opid":"f196794e-61e2-48f7-875a-4cbc3bb85ca2"}{"message":"Done.","opid":"5c32a555-718f-4f16-a774-e68032b43a1a"}{"message":"Done.","opid":"bc691842-9119-45bd-98eb-01e18b955cb1"}{"message":"Done.","opid":"e3bde850-832a-44aa-8f3c-3661e32cba21"}{"message":"Done.","opid":"ef1e3ef9-459e-4b16-877e-823244c61419"}{"message":"Done.","opid":"28deddbe-9723-41f3-828e-af388833c025"}{"message":"Done.","opid":"df56227f-1234-4efa-afab-bb48cc0d93cc"}{"message":"Done.","opid":"8cfaff7d-c97e-422c-98d3-aa77b9f7f5b1"}{"message":"Done.","opid":"d0c2c438-95ee-42c4-a560-ce44204208f8"}{"message":"Done.","opid":"c0bea8cd-9d02-46e3-bd70-251e0a69fe16"}{"message":"Done.","opid":"26f1e287-d599-4417-88eb-6949c67cc8e5"}{"message":"Done.","opid":"67295bdc-4402-4c30-bad5-7ba9bbccf9b2"}{"message":"Done.","opid":"bb5dc1b6-e560-448d-80f3-9c748f465df6"}{"message":"Done.","opid":"d844a1cd-7a60-4904-a746-dbe65d460740"}{"message":"Done.","opid":"ff09c5fb-9187-4f67-b16b-71363bc04515"}{"message":"Done.","opid":"2b435474-e4fa-4919-be2e-ebaf30fb177e"}{"message":"Done.","opid":"bd411f18-741c-4914-b80f-63d5824c1580"}{"message":"Done.","opid":"bb883ada-f5c5-4a60-b221-924d31fb3f5a"}{"message":"Done.","opid":"65dd44a7-bfef-4a95-b69a-af79a64cbffb"}{"message":"Done.","opid":"67f2ba88-b8f7-4c3c-a142-849a1236f218"}{"message":"Done.","opid":"b6792303-644e-45f4-8f05-20a9c82e7812"}{"message":"Done.","opid":"6ead687e-b494-460b-b263-aa54024a56ec"}{"message":"Done.","opid":"78ed81a0-a37b-4c3c-88f7-dafb48b38b3c"}{"message":"Done.","opid":"41cefaba-460f-4b4a-9dcd-daab49c02ac8"}{"message":"Done.","opid":"efb5bba3-479d-4d91-888b-2ef2cdf3eef5"}{"message":"Done.","opid":"ce2cd18f-0064-4e15-8a5c-a068d8157097"}{"message":"Done.","opid":"73534bd3-83fe-4eff-bc46-0254ad64027b"}{"message":"Done.","opid":"98c5e854-9987-4595-a226-8f1e9dd1b787"}{"message":"Done.","opid":"733f5a48-8331-4765-a377-0d3f5bf06284"}{"message":"Done.","opid":"8e1d05d6-0e43-4f4d-b038-5abf1571bb6b"}{"message":"Done.","opid":"fb15bc3d-7e29-4b2f-9d2d-07d0463accd8"}{"message":"Done.","opid":"919aaba9-66c9-46dc-9b59-f03525f2d9ee"}{"message":"Done.","opid":"e14565d7-6480-4547-b945-e443364579c9"}{"message":"Done.","opid":"53e3fe5c-bc44-494e-a2eb-54b790bdf481"}{"message":"Done.","opid":"056f7d12-229a-4322-a8a1-d0dcf3164106"}{"message":"Done.","opid":"46f2cf50-17b2-40d8-9ad8-cbaf92f936ed"}{"message":"Done.","opid":"fa07438d-f698-46c5-9bd8-aac74a170df8"}{"message":"Done.","opid":"f4a163e0-6e3f-422e-a586-8768b0f98c59"}{"message":"Done.","opid":"49a46973-af6b-41d3-81d9-677f5de664d0"}{"message":"Done.","opid":"dc528d81-1fc3-4bf6-ac9c-1bf6bdb007e0"}{"message":"Done.","opid":"264ca75a-39a1-42a7-bb0a-1d45ecc29dff"}{"message":"Done.","opid":"a0480131-8099-4b82-9c53-5736fb5f963b"}{"message":"Done.","opid":"8bb5cfdf-40c4-44b5-8c8b-c5ff06ad33e8"}{"message":"Done.","opid":"43ef265b-fd18-499a-8411-090dee78a586"}{"message":"Done.","opid":"bc35829c-1dca-4c40-8c7d-c138aa0d4003"}{"message":"Done.","opid":"2b0b0644-fa45-402e-8d8e-b09bfa24825a"}{"message":"Done.","opid":"1c18f14f-b3b3-4b75-9784-f0b5f6daf29c"}{"message":"Done.","opid":"0e5adbb0-6e8f-425b-92fd-0e075dcddabc"}{"message":"Done.","opid":"d3f32325-4982-4acd-9d54-cd883487900c"}{"message":"Done.","opid":"d6b3eda5-d613-4d9a-afdb-7343df5a5167"}{"message":"Done.","opid":"08f5fdaa-371d-4309-8029-d354d9840a39"}{"message":"Done.","opid":"3ce38786-63cb-477c-8c00-ffe96f78a97f"}{"message":"Done.","opid":"969e1ff6-b2fd-4bf8-9162-07de67b58cbe"}{"message":"Done.","opid":"0e0ace36-4aab-40b8-a3e4-b0cf9295bec1"}{"message":"Done.","opid":"ff77a4d6-5e8e-4ac9-9712-03345a6929c3"}{"message":"Done.","opid":"f315bdfa-044c-4d0f-aa32-d99aa3bad9c6"}{"message":"Done.","opid":"3b8d39e2-b1b1-412a-a845-2fd4d861df9b"}{"message":"Done.","opid":"1228f614-3641-48d1-ba4b-64901ede02eb"}{"message":"Done.","opid":"266906fa-0a37-4d56-add5-04d2f48199a8"}{"message":"Done.","opid":"377ad7bd-4e71-4df0-80b0-c78b7ebe1da7"}{"message":"Done.","opid":"39490d5c-fe5c-4000-a717-c38e3bdd99d1"}{"message":"Done.","opid":"6c15bf4a-aaa9-431f-a4e6-9feeb52b6474"}{"message":"Done.","opid":"0335b4cb-b8b1-49e1-9fda-bd0acbb7bb36"}{"message":"Done.","opid":"d9134204-f8a4-4885-8a61-84c0d292d4d5"}{"message":"Done.","opid":"b10ae43e-1094-4199-a553-8ee504afda36"}{"message":"Done.","opid":"a866b325-d133-4a72-b93a-d0b5c8712b8f"}{"message":"Done.","opid":"8dfb848c-b7db-460a-9a4a-d32473fae7fa"}{"message":"Done.","opid":"ebb3a6d8-f6de-471d-8154-b43ea88b6535"}{"message":"Done.","opid":"a7216b39-83c5-46aa-ac4d-43fd90327686"}{"message":"Done.","opid":"9b91e7ee-8939-4268-bf0f-989056e29323"}{"message":"Done.","opid":"4cb40aba-f6d8-4680-b2c2-34d7b67b2fdf"}{"message":"Done.","opid":"fa1afb64-cb46-4de7-bcba-9f91af4cc665"}{"message":"Done.","opid":"f8fa0ddd-1dbb-49d4-abf0-d0b8b3daeb64"}{"message":"Done.","opid":"47af40b3-949c-4f34-ac62-a13e0b79b20f"}{"message":"Done.","opid":"37113532-5887-4fb8-8f79-19c3f08f1150"}{"message":"Done.","opid":"ce78e7eb-1867-4b3c-9299-4f994cdea066"}{"message":"Done.","opid":"c22d8c6d-c7b4-48c1-a10d-29278fdbfb7a"}{"message":"Done.","opid":"ad79a66b-0337-4970-afb4-94a7bbe32168"}{"message":"Done.","opid":"98073eb9-e126-48dd-861c-c98338b8b9a7"}{"message":"Done.","opid":"9e5bb8ef-9869-4388-928f-65a5e0fe6cce"}{"message":"Done.","opid":"3fda2c13-a5e1-40e0-bbeb-80122228af7d"}{"message":"Done.","opid":"e9791f5c-f04c-4e20-9534-c448ede2f5c3"}{"message":"Done.","opid":"95e2b6e0-17ee-45b1-83de-48eda9bfc07c"}{"message":"Done.","opid":"53f69ce4-69a9-47dd-923b-fa15873e8e9f"}{"message":"Done.","opid":"7b1d3a29-148a-4604-805a-412e993ac756"}{"message":"Done.","opid":"a55eb5f3-237b-418f-8a0a-99f7b763b4c0"}{"message":"Done.","opid":"16d9c24f-c500-4fe6-8280-ece8399de16e"}{"message":"Done.","opid":"02e24a01-c414-4ed6-8a6e-218436ce2940"}{"message":"Done.","opid":"402a5577-b77d-47a1-aa62-5bdfb9a0dfaf"}{"message":"Done.","opid":"b26e76ef-8c30-44ed-86c5-a99e1af30d9f"}{"message":"Done.","opid":"af70ea6b-fc96-46c3-9fa9-35b6c453f571"}{"message":"Done.","opid":"00b4d932-7691-4879-aa25-c0a29428edb6"}{"message":"Done.","opid":"0a7aa678-4455-4562-a318-d20ac876cf08"}{"message":"Done.","opid":"6d27cc5a-0d7f-40a7-b339-8c2ee15a57d6"}{"message":"Done.","opid":"359a2682-93cb-4972-9b64-d4c17bd585a2"}{"message":"Done.","opid":"66138808-6bf1-4338-bfc4-f902142e1e4f"}{"message":"Done.","opid":"e9ed4122-2d44-4f2d-9d24-270d9885c40b"}{"message":"Done.","opid":"2200d0c2-16bf-41b7-b659-981ac1d7bd6f"}{"message":"Done.","opid":"29a5447f-2b87-419b-9e1a-ce282430cc0e"}{"message":"Done.","opid":"a196308d-18a0-4325-bd8b-ff14087ab7e0"}{"message":"Done.","opid":"a3003937-eef6-4f9e-829e-8e8dfbd88ef2"}{"message":"Done.","opid":"52c7979c-f48d-497f-aeb8-c33c5dc847f3"}{"message":"Done.","opid":"bc9148cc-996e-4df0-848f-a0f5c1dfca53"}{"message":"Done.","opid":"91a49259-e1c6-4e6f-9168-3ba8c33d4952"}{"message":"Done.","opid":"14bd3309-70cb-4b86-ab78-d7b5c62f3b6a"}{"message":"Done.","opid":"d1565788-6ba7-477e-9373-0fdc504ac5d9"}{"message":"Done.","opid":"68d1f34e-278d-4da6-998f-fdb95386b778"}{"message":"Done.","opid":"2fcd9ef3-47ba-42bb-96b6-4fdfe11beaf4"}{"message":"Done.","opid":"1e4da75c-e5b1-4e14-8634-8475d59a8ae8"}{"message":"Done.","opid":"539c5e62-01fd-4e70-82fc-aa60116bb8a1"}{"message":"Done.","opid":"b3278f02-a459-491a-985e-796c7bb25526"}{"message":"Done.","opid":"e3ad3ee1-1d54-4a11-a835-604989d73e36"}{"message":"Done.","opid":"8da3be26-5c86-40aa-8b3c-ab77dbdae4b5"}{"message":"Done.","opid":"0df0f33c-caef-48ae-9c4c-16e2fb386924"}{"message":"Done.","opid":"a515d3be-4615-44f1-a765-9acc5956a25f"}{"message":"Done.","opid":"29dd39e3-6040-4756-8b31-e84b670d005e"}{"message":"Done.","opid":"c3fa1a6d-df7c-4e31-a858-81d2b0ad1ded"}{"message":"Done.","opid":"eee8a54c-3f65-47f2-956f-85092fe6dd4e"}{"message":"Done.","opid":"5f0b2e39-ad52-4f54-b037-81be3a46b588"}{"message":"Done.","opid":"c83133e4-c45a-4bcb-a53b-80cf29a4d441"}{"message":"Done.","opid":"71a1ed03-2347-4dd9-bb4b-edfd1ce8d5a5"}{"message":"Done.","opid":"6455a4d3-0bb7-4c75-ad44-76b344c2d73c"}{"message":"Done.","opid":"9c45fc1a-eba3-4fbd-a878-78ee8d250803"}{"message":"Done.","opid":"6d8d9c07-ff7a-416d-a44d-11b726a4b351"}{"message":"Done.","opid":"7cc8d11d-8a7f-4685-98f8-c85c93c7c21c"}{"message":"Done.","opid":"0a9826bd-d0db-49c0-978b-beb0118adf70"}{"message":"Done.","opid":"b67e1320-20ad-4e6d-8c71-26f84c0fcfeb"}{"message":"Done.","opid":"36b8c669-0fc9-4906-9cea-ef51b2edf8f5"}{"message":"Done.","opid":"0141bc49-4a6a-4cb6-b635-6a4ed26c5bbd"}{"message":"Done.","opid":"f6189ebf-565d-409c-b6ef-60da47a89300"}{"message":"Done.","opid":"4bedf609-3bd5-4a62-9103-36c0b90c2455"}{"message":"Done.","opid":"5c905619-30c5-46be-ae88-a53c2d71b0e9"}{"message":"Done.","opid":"9381a062-dda7-4005-a496-042b1be62bc9"}{"message":"Done.","opid":"dee778a7-af02-4baa-897a-f5daee20e292"}{"message":"Done.","opid":"9ed5bf50-2bb2-4bf2-a6e6-42bc79172194"}{"message":"Done.","opid":"5d01f16c-e368-4c8c-8db0-a29c40747c33"}{"message":"Done.","opid":"8fdedbbe-8ca2-4db0-a590-543d550d6ced"}{"message":"Done.","opid":"4a8e3e4c-82fd-4394-ad4a-4d3219ae65c7"}{"message":"Done.","opid":"1d78c167-1a57-49ff-8696-1afaec5f9b2e"}{"message":"Done.","opid":"9801b3bb-1aa1-46e1-95a2-0a17ed9a63ad"}{"message":"Done.","opid":"829e5f67-e3bb-43c6-b4ce-2b6325dd3a21"}{"message":"Done.","opid":"d2103142-a318-4504-b348-fa35ccbfcb7f"}{"message":"Done.","opid":"9d800dc1-df5e-4a7e-84d9-c02104d5c0da"}{"message":"Done.","opid":"aa13b8d0-a310-42a3-90e8-6dc8256cd717"}{"message":"Done.","opid":"15d44197-d189-4370-9071-c005d8457531"}{"message":"Done.","opid":"d45ed12c-9f1a-4029-b33b-9a4383d5a686"}{"message":"Done.","opid":"f5ae2931-1cad-436d-b3c6-b86712f1dcc0"}{"message":"Done.","opid":"73619969-243f-4db3-8e62-0dec95c34c36"}{"message":"Done.","opid":"b4baa470-1430-4cd3-ab23-e92b1bfad269"}{"message":"Done.","opid":"ef663e48-1468-4003-9902-15dd9c43ed47"}{"message":"Done.","opid":"83ddd961-84eb-41a8-b333-71072ab1aa61"}{"message":"Done.","opid":"2fee1a79-d906-4a88-822c-25f41f82a9d1"}{"message":"Done.","opid":"a9ac1718-b455-4703-af26-a69147a7f97a"}{"message":"Done.","opid":"6b0f4a04-381a-448c-882a-6c46b5bc7bfb"}{"message":"Done.","opid":"60357f7c-77bf-45d8-8e99-e52906a2d820"}{"message":"Done.","opid":"d3b87f6c-058f-4512-93ff-5f880f92cca5"}{"message":"Done.","opid":"1d5d8f49-bda0-42ef-8216-70b11e8afdfd"}{"message":"Done.","opid":"fbe8736c-3894-4a99-ad03-a6346bf61936"}{"message":"Done.","opid":"345258d9-1dc5-413a-9f6d-0498d6b3a1f0"}{"message":"Done.","opid":"c82619ad-69bf-4001-a3c4-14375b239216"}{"message":"Done.","opid":"f8beb03c-72ca-4da7-82e5-69f2c1367ae0"}{"message":"Done.","opid":"85b309a7-5bae-4a01-90e6-37177c0c0377"}{"message":"Done.","opid":"a9d47b90-3fb8-4a4b-a987-66995ebd35d5"}{"message":"Done.","opid":"c09f208c-fdf7-4593-8654-b3e53ddc5b75"}{"message":"Done.","opid":"a2dacd28-9fd8-4b57-8cc9-54943b33d1da"}{"message":"Done.","opid":"78ccc6ff-4fd3-4c41-a879-9d3f26e551e5"}{"message":"Done.","opid":"1537c5a5-5087-4c5d-b18f-b06486cbf857"}{"message":"Done.","opid":"7c0383b0-5ef3-450f-afb8-380082122f37"}{"message":"Done.","opid":"59b82acc-5d2e-43a8-9707-c556e4e7fedf"}{"message":"Done.","opid":"ed963c47-5314-41a7-b2f8-c4b99dd8d265"}{"message":"Done.","opid":"b49ce291-74d4-41ee-8cf6-2bf627e9f56b"}{"message":"Done.","opid":"192e5a47-60d3-445c-b522-3ddb324c4000"}{"message":"Done.","opid":"7a04af99-c523-45de-80da-9b8f4db1f4fd"}{"message":"Done.","opid":"1eb48086-63e6-4664-98f8-78e2da3e22dd"}{"message":"Done.","opid":"6d12ca7d-615f-4167-8639-d2be272a7219"}{"message":"Done.","opid":"e11c1562-1e7c-437a-8285-057b0d83ee1f"}{"message":"Done.","opid":"addac61e-b806-42f9-b1b3-f453f5c17afe"}{"message":"Done.","opid":"ceb7dd92-04bb-49c7-9197-ed7e2a686f15"}{"message":"Done.","opid":"458a3c52-990e-4aa6-bdd3-925c4d7b4259"}{"message":"Done.","opid":"c1c44813-4105-4fb7-a9ae-cabdcd3de1fc"}{"message":"Done.","opid":"889e61df-c9e5-4f25-b21b-54f3c94a8acd"}{"message":"Done.","opid":"091d6690-7744-4a0c-9e82-295c6c132bb5"}{"message":"Done.","opid":"8b736190-eef1-476e-87e8-5bfeaab9915a"}{"message":"Done.","opid":"b037c496-e906-4e34-abcb-620010f4593c"}{"message":"Done.","opid":"f92a1e8e-cdce-455b-bc9f-ff6ed77895da"}{"message":"Done.","opid":"bcfb3c75-38e8-4fd5-9bbd-949fd90dbdf0"}{"message":"Done.","opid":"d0543d8d-0fd4-42a8-b9d2-6da044c46981"}{"message":"Done.","opid":"078045b0-3c32-4614-9a7a-4f396568c0c6"}{"message":"Done.","opid":"99a1c5ab-45ef-425c-86c9-7a53a92d7f5c"}{"message":"Done.","opid":"66dd42c8-f435-4a4e-abfa-a4495cd10a44"}{"message":"Done.","opid":"493b7ab1-f7d3-4d3e-97d4-48525b08724e"}{"message":"Done.","opid":"e671845b-ff89-4693-af2e-837ab8f233c3"}{"message":"Done.","opid":"4c750ed0-e4ca-42c3-8da5-331a53ce02d9"}{"message":"Done.","opid":"e0dfaa2e-c42a-4180-9ca4-db8b4c2ff869"}{"message":"Done.","opid":"3ee6f7bb-38d1-4d93-844a-085557d7ea9f"}{"message":"Done.","opid":"924d6e51-78b1-44d1-ae3d-f3f19115f792"}{"message":"Done.","opid":"32df7139-d096-47cf-b690-be0b3ef80cf5"}{"message":"Done.","opid":"0752dad6-37ad-434b-82c8-362bf1e1d450"}{"message":"Done.","opid":"b48fa502-6ab3-4229-9de1-0815b687d2a7"}{"message":"Done.","opid":"96c94970-336b-429a-be94-85d34d6c4ab9"}{"message":"Done.","opid":"ed24b221-85f9-49e8-9646-c3714d849dca"}{"message":"Done.","opid":"f779c8ec-9c2d-4074-8cd0-30a447cd2cba"}{"message":"Done.","opid":"6c009914-8298-4dda-a5a3-83cd9b4a963f"}{"message":"Done.","opid":"f2bdb973-68fa-41dd-95bb-bc6269c63865"}{"message":"Done.","opid":"9eefde36-d11e-423b-8c39-e91aaf24a8ce"}{"message":"Done.","opid":"93006017-2060-4b18-9527-e0e60d154c57"}{"message":"Done.","opid":"00458829-711f-4cc2-b7bf-393f5b7c4fe4"}{"message":"Done.","opid":"413ba20f-be61-47fd-a411-5473cce8f373"}{"message":"Done.","opid":"d99dda13-b63a-45ba-b795-da59e8e8f65c"}{"message":"Done.","opid":"b8f28c4e-f4a7-432b-9738-0af487451da3"}{"message":"Done.","opid":"026155f6-214e-4e76-be57-1f3649210bc5"}{"message":"Done.","opid":"64a1b245-6857-4410-924c-8ce829673616"}{"message":"Done.","opid":"1133888a-1f8f-45b9-8ede-8fb8eb7f6e64"}{"message":"Done.","opid":"99377a04-e79a-4e5a-a66a-26110c1344d4"}{"message":"Done.","opid":"f1ae2685-2426-4c73-8a0e-782bebebee7c"}{"message":"Done.","opid":"a676c7b2-1d26-4b5d-a04e-69931cea9c4a"}{"message":"Done.","opid":"21a777ba-026f-4252-bcb0-73a2dfbae338"}{"message":"Done.","opid":"15710afe-42a7-4bb9-9e37-b563dffc1425"}{"message":"Done.","opid":"12ceb111-bdf3-44cb-81ca-779d104ee484"}{"message":"Done.","opid":"e8c78cd1-fc2a-4cd9-a832-ec7ad8310cb9"}{"message":"Done.","opid":"f30a889a-6e67-4808-b2f9-365174cfb768"}{"message":"Done.","opid":"e647b17c-ffa9-438d-ae62-2de76f9ada57"}{"message":"Done.","opid":"fc5ae364-5074-4c2f-af5c-ec5e481d6e35"}{"message":"Done.","opid":"b29446fc-b598-40de-9697-d2a4c10695c7"}{"message":"Done.","opid":"16e36406-6c53-4821-abbb-90ae4b763917"}{"message":"Done.","opid":"23d11564-0a80-4926-ba86-ca941e76b4e2"}{"message":"Done.","opid":"685a62f0-2b4f-4e65-b9f4-83123c3d12b5"}{"message":"Done.","opid":"a7851542-8950-4d33-95d7-ea9d8581c71d"}{"message":"Done.","opid":"5ec32d48-ab3b-49c2-a905-47604089715d"}{"message":"Done.","opid":"44a648b5-7291-42ac-b835-76a24b24bc59"}{"message":"Done.","opid":"44d04654-1259-4393-b124-296c7a2a9174"}{"message":"Done.","opid":"b99c1f0d-b56a-44f0-9985-3be0abaaf702"}{"message":"Done.","opid":"13ecce5c-4879-43ee-8747-6b090fb68142"}{"message":"Done.","opid":"f4d02718-6072-4a7c-871c-e65d89de7784"}{"message":"Done.","opid":"002c8ba9-92c6-421b-bbf3-b0ff986fb94d"}{"message":"Done.","opid":"e9eaac6b-59e8-4df3-a958-0b8ccf5d2864"}{"message":"Done.","opid":"0c7a0723-be8e-41b2-ba48-9c6d6595df68"}{"message":"Done.","opid":"68d3f7c0-cbbb-4e80-81c0-17eed2bbcb1e"}{"message":"Done.","opid":"1f90e5bc-da58-456b-9653-e83a82c485da"}{"message":"Done.","opid":"7db23438-5cff-47c0-a7a4-b201213c13eb"}{"message":"Done.","opid":"86dc7e30-4bef-4626-9c9d-03a1abdddccc"}{"message":"Done.","opid":"535cea02-fe53-42d3-bb65-6a1f7e8010af"}{"message":"Done.","opid":"61412195-7f98-40b0-92d3-acdd72c1ca19"}{"message":"Done.","opid":"28c07dca-35b1-4462-b19b-6f55ae8d044d"}{"message":"Done.","opid":"cb645dd7-d9f8-4c9e-b3b7-09f2e70c7100"}{"message":"Done.","opid":"9b4ba7f4-7cda-4a6d-b231-bce19e5a9b24"}{"message":"Done.","opid":"e32297c8-a899-453f-8316-b704bd1e7cc2"}{"message":"Done.","opid":"64aff357-0993-4e58-8caa-a86fb130d896"}{"message":"Done.","opid":"77efc877-e8af-47c1-8a6d-1f6134d7c74a"}{"message":"Done.","opid":"86f16dab-f1f6-4173-a579-f31ed225e43d"}{"message":"Done.","opid":"8cd679b2-4354-4214-96f5-c6da2324e5f8"}{"message":"Done.","opid":"0b58fe97-f40e-4307-ab15-f971b84eada9"}{"message":"Done.","opid":"56c1a89c-3702-45ae-89e4-331423069c47"}{"message":"Done.","opid":"3d3cabbb-0be8-4273-8517-fb3b10563217"}{"message":"Done.","opid":"dcd11a8c-1b8a-4609-8a03-edc97104e7b6"}{"message":"Done.","opid":"3849b8f0-1401-48d2-8ebb-0fc29a043f2b"}{"message":"Done.","opid":"159851c7-caec-43c7-bf7a-975c7117439f"}{"message":"Done.","opid":"1ac0ff5f-68f1-4eec-9545-1a9946a44106"}{"message":"Done.","opid":"fcd641d8-3253-44c2-8602-2e5347a0a33f"}{"message":"Done.","opid":"79ee00d9-82a9-449a-85c1-4499a0940db9"}Elapsed call time is 42633(ms)
{"message":"Done.","opid":"b0024663-680c-4f33-8475-843d788c4bb0"}{"message":"Done.","opid":"4f680c8a-648a-4e71-a2be-c5d9eecdd303"}{"message":"Done.","opid":"c40020e4-3dc6-49f7-8b35-7e95abb21d75"}{"message":"Done.","opid":"b5cab5b0-18fd-41d4-ac5c-4195518d2dfe"}{"message":"Done.","opid":"d756afb2-6be7-47e5-aa43-0f3df842eaa4"}{"message":"Done.","opid":"9e9a59f0-63a1-40ee-8e50-d28ecbc0f63d"}{"message":"Done.","opid":"5daf2887-2342-4cc1-b975-1acef03efcf9"}{"message":"Done.","opid":"54e14261-fe0e-47c2-8db4-281e84baa009"}{"message":"Done.","opid":"49896665-3032-44cd-a2e5-6d7fecec2c6f"}{"message":"Done.","opid":"57957d40-586c-4977-8c53-cc93b7f0228b"}{"message":"Done.","opid":"3621afad-e26d-4771-a1e5-c829ce707a1a"}{"message":"Done.","opid":"213d5007-3705-435f-8650-16d0d528f599"}{"message":"Done.","opid":"3c1dd5ce-0b72-453b-b3dd-446f8af661a2"}{"message":"Done.","opid":"1a3cf2ce-dd0a-4cae-88dd-3a98bdb9f9c8"}{"message":"Done.","opid":"3817981f-1687-484d-a6a5-0a3d49c10ede"}{"message":"Done.","opid":"7b0831a5-c535-40be-860f-d7ba71e434aa"}{"message":"Done.","opid":"39d15123-0e86-4524-83c5-14076b3d062c"}{"message":"Done.","opid":"9d7b9a07-074d-438c-b098-e9298ac45268"}{"message":"Done.","opid":"5e24e2b0-a439-48b5-9afa-1a5a5df42ba8"}~/watchtower-experiments/scaling/app ~/watchtower-experiments/scaling/scripts
Serverless: Getting all objects in S3 bucket...
Serverless: Removing objects in S3 bucket...
Serverless: Removing Stack...
Serverless: Checking Stack removal progress...
CloudFormation - DELETE_IN_PROGRESS - AWS::CloudFormation::Stack - wt-full-flow-test
CloudFormation - DELETE_IN_PROGRESS - AWS::S3::BucketPolicy - ServerlessDeploymentBucketPolicy
CloudFormation - DELETE_IN_PROGRESS - AWS::ApiGateway::Deployment - ApiGatewayDeployment1590099651192
CloudFormation - DELETE_IN_PROGRESS - AWS::Lambda::Permission - HelloLambdaPermissionApiGateway
CloudFormation - DELETE_IN_PROGRESS - AWS::Lambda::EventSourceMapping - WatchtowerDashingestionEventSourceMappingKinesisEventsStream
CloudFormation - DELETE_IN_PROGRESS - AWS::Lambda::EventSourceMapping - WtDashmonitorDashtriggerEventSourceMappingKinesisInvocationStream
CloudFormation - DELETE_SKIPPED - AWS::Lambda::Version - WtDashmonitorDashtriggerLambdaVersionNjPGRniXcCqclj6x77qlJnKghawKJjLC33Ojw8GvU
CloudFormation - DELETE_SKIPPED - AWS::Lambda::Version - WatchtowerDashingestionLambdaVersionyNcANc1pwWlZbXruZawEVZHd1ekuabduLhVWZTZvy4
CloudFormation - DELETE_SKIPPED - AWS::Lambda::Version - WatchtowerDashmonitorLambdaVersionY7CDsyizFo8sCHWsZiohKWidHmOQJ0lIdS5tpuLbM
CloudFormation - DELETE_SKIPPED - AWS::Lambda::Version - HelloLambdaVersiont0FiEo3eMjB5sfjy5tpd15bDJv77jfWHnZAdx6ubk
CloudFormation - DELETE_COMPLETE - AWS::ApiGateway::Deployment - ApiGatewayDeployment1590099651192
CloudFormation - DELETE_COMPLETE - AWS::Lambda::EventSourceMapping - WatchtowerDashingestionEventSourceMappingKinesisEventsStream
CloudFormation - DELETE_COMPLETE - AWS::Lambda::EventSourceMapping - WtDashmonitorDashtriggerEventSourceMappingKinesisInvocationStream
CloudFormation - DELETE_COMPLETE - AWS::S3::BucketPolicy - ServerlessDeploymentBucketPolicy
CloudFormation - DELETE_IN_PROGRESS - AWS::ApiGateway::Method - ApiGatewayMethodMicrobmarkGet
CloudFormation - DELETE_IN_PROGRESS - AWS::Lambda::Function - WatchtowerDashingestionLambdaFunction
CloudFormation - DELETE_IN_PROGRESS - AWS::Lambda::Function - WtDashmonitorDashtriggerLambdaFunction
CloudFormation - DELETE_COMPLETE - AWS::ApiGateway::Method - ApiGatewayMethodMicrobmarkGet
CloudFormation - DELETE_COMPLETE - AWS::Lambda::Function - WatchtowerDashingestionLambdaFunction
CloudFormation - DELETE_COMPLETE - AWS::Lambda::Function - WtDashmonitorDashtriggerLambdaFunction
CloudFormation - DELETE_IN_PROGRESS - AWS::ApiGateway::Resource - ApiGatewayResourceMicrobmark
CloudFormation - DELETE_COMPLETE - AWS::ApiGateway::Resource - ApiGatewayResourceMicrobmark
CloudFormation - DELETE_IN_PROGRESS - AWS::Logs::LogGroup - WatchtowerDashingestionLogGroup
CloudFormation - DELETE_IN_PROGRESS - AWS::IAM::Role - EventWriterRole
CloudFormation - DELETE_IN_PROGRESS - AWS::IAM::Role - StateMachineListExec
CloudFormation - DELETE_IN_PROGRESS - AWS::Logs::LogGroup - WtDashmonitorDashtriggerLogGroup
CloudFormation - DELETE_COMPLETE - AWS::Logs::LogGroup - WatchtowerDashingestionLogGroup
CloudFormation - DELETE_COMPLETE - AWS::Logs::LogGroup - WtDashmonitorDashtriggerLogGroup
CloudFormation - DELETE_COMPLETE - AWS::IAM::Role - StateMachineListExec
CloudFormation - DELETE_COMPLETE - AWS::IAM::Role - EventWriterRole
CloudFormation - DELETE_IN_PROGRESS - AWS::StepFunctions::StateMachine - WtCheckerMachine
CloudFormation - DELETE_COMPLETE - AWS::StepFunctions::StateMachine - WtCheckerMachine
CloudFormation - DELETE_IN_PROGRESS - AWS::IAM::Role - WtCheckerMachineRole
CloudFormation - DELETE_COMPLETE - AWS::IAM::Role - WtCheckerMachineRole
CloudFormation - DELETE_COMPLETE - AWS::Lambda::Permission - HelloLambdaPermissionApiGateway
CloudFormation - DELETE_IN_PROGRESS - AWS::Lambda::Function - WatchtowerDashmonitorLambdaFunction
CloudFormation - DELETE_IN_PROGRESS - AWS::ApiGateway::RestApi - ApiGatewayRestApi
CloudFormation - DELETE_IN_PROGRESS - AWS::Lambda::Function - HelloLambdaFunction
CloudFormation - DELETE_COMPLETE - AWS::Lambda::Function - WatchtowerDashmonitorLambdaFunction
CloudFormation - DELETE_COMPLETE - AWS::ApiGateway::RestApi - ApiGatewayRestApi
CloudFormation - DELETE_COMPLETE - AWS::Lambda::Function - HelloLambdaFunction
CloudFormation - DELETE_IN_PROGRESS - AWS::Logs::LogGroup - WatchtowerDashmonitorLogGroup
CloudFormation - DELETE_IN_PROGRESS - AWS::IAM::Role - EventReaderRole
CloudFormation - DELETE_IN_PROGRESS - AWS::DynamoDB::Table - CheckpointsTable
CloudFormation - DELETE_IN_PROGRESS - AWS::Logs::LogGroup - HelloLogGroup
CloudFormation - DELETE_IN_PROGRESS - AWS::IAM::Role - IamRoleLambdaExecution
CloudFormation - DELETE_IN_PROGRESS - AWS::S3::Bucket - ServerlessDeploymentBucket
CloudFormation - DELETE_COMPLETE - AWS::Logs::LogGroup - WatchtowerDashmonitorLogGroup
CloudFormation - DELETE_COMPLETE - AWS::Logs::LogGroup - HelloLogGroup
CloudFormation - DELETE_COMPLETE - AWS::S3::Bucket - ServerlessDeploymentBucket
CloudFormation - DELETE_COMPLETE - AWS::IAM::Role - EventReaderRole
CloudFormation - DELETE_COMPLETE - AWS::IAM::Role - IamRoleLambdaExecution
CloudFormation - DELETE_IN_PROGRESS - AWS::DynamoDB::Table - EventsTable
CloudFormation - DELETE_IN_PROGRESS - AWS::Kinesis::Stream - EventsStream
CloudFormation - DELETE_IN_PROGRESS - AWS::Kinesis::Stream - InvocationStream
CloudFormation - DELETE_COMPLETE - AWS::DynamoDB::Table - CheckpointsTable
Serverless: Stack removal finished...
~/watchtower-experiments/scaling/scripts
~/watchtower-experiments/scaling/app ~/watchtower-experiments/scaling/scripts
Serverless: Packaging service...
Serverless: Excluding development dependencies...
Serverless: Creating Stack...
Serverless: Checking Stack create progress...
........
Serverless: Stack create finished...
Serverless: Uploading CloudFormation file to S3...
Serverless: Uploading artifacts...
Serverless: Uploading service wt-full-flow.zip file to S3 (865.92 KB)...
Serverless: Validating template...
Serverless: Updating Stack...
Serverless: Checking Stack update progress...
.............................................................................................
Serverless: Stack update finished...
Service Information
service: wt-full-flow
stage: test
region: eu-west-1
stack: wt-full-flow-test
resources: 31
api keys:
  None
endpoints:
  GET - https://0xdop5n94a.execute-api.eu-west-1.amazonaws.com/test/microbmark
functions:
  hello: wt-full-flow-test-hello
  watchtower-ingestion: wt-full-flow-test-watchtower-ingestion
  watchtower-monitor: wt-full-flow-test-watchtower-monitor
  wt-monitor-trigger: wt-full-flow-test-wt-monitor-trigger
layers:
  None
Serverless: Run the "serverless" command to setup monitoring, troubleshooting and testing.
~/watchtower-experiments/scaling/scripts
Calling function at url: https://0xdop5n94a.execute-api.eu-west-1.amazonaws.com/test/microbmark
Calling function at url: https://0xdop5n94a.execute-api.eu-west-1.amazonaws.com/test/microbmark
Calling function at url: https://0xdop5n94a.execute-api.eu-west-1.amazonaws.com/test/microbmark
Calling function at url: https://0xdop5n94a.execute-api.eu-west-1.amazonaws.com/test/microbmark
Calling function at url: https://0xdop5n94a.execute-api.eu-west-1.amazonaws.com/test/microbmark
Calling function at url: https://0xdop5n94a.execute-api.eu-west-1.amazonaws.com/test/microbmark
Calling function at url: https://0xdop5n94a.execute-api.eu-west-1.amazonaws.com/test/microbmark
Calling function at url: https://0xdop5n94a.execute-api.eu-west-1.amazonaws.com/test/microbmark
Calling function at url: https://0xdop5n94a.execute-api.eu-west-1.amazonaws.com/test/microbmark
Calling function at url: https://0xdop5n94a.execute-api.eu-west-1.amazonaws.com/test/microbmark
{"message":"Done.","opid":"91aaaa9e-4ed0-4f34-a4d5-c5ace63ad242"}{"message":"Done.","opid":"346883e9-3b8c-4907-a182-313ed2d991b7"}{"message":"Done.","opid":"03c80c7c-04c6-4c5e-b943-5e292be28c44"}{"message":"Done.","opid":"3a424214-c9c5-4b5b-baf5-5b11d12b05f6"}{"message":"Done.","opid":"2ba94907-2937-43d0-93cd-69f4380e24f6"}{"message":"Done.","opid":"1bbe7f96-3dd4-48f3-8701-c11d25451319"}{"message":"Done.","opid":"a1d1ec63-a742-46dd-aecf-95a3ac8dff3d"}{"message":"Done.","opid":"275cfe1c-38a6-4cdc-bbe7-41d6a66beb7d"}{"message":"Done.","opid":"888c3059-111c-4733-a352-6f6f04c4f289"}{"message":"Done.","opid":"d3a47d35-c2d8-4d87-87d3-d447dbc8a87c"}{"message":"Done.","opid":"a44e3677-0a8b-4b84-b148-05385bc716fc"}{"message":"Done.","opid":"a8dac047-16c3-4097-b130-0757615a2749"}{"message":"Done.","opid":"585df6bc-47b1-4197-b663-11c7235f27bd"}{"message":"Done.","opid":"7e86a27b-b7e2-432f-bd60-282cd166479f"}{"message":"Done.","opid":"cc5d9eec-20e6-424f-aa49-1eeefd863573"}{"message":"Done.","opid":"b6bab416-395d-4ca9-9515-acb387ed1259"}{"message":"Done.","opid":"529b627e-aea6-4f8c-97a4-b58b66f62fe5"}{"message":"Done.","opid":"d3a9c31b-9f30-4518-9eeb-563642af3a96"}{"message":"Done.","opid":"489c6342-c8fb-4f49-99dd-12a03e38d49a"}{"message":"Done.","opid":"3ee21e51-6391-4201-8985-161e751c3b0f"}{"message":"Done.","opid":"a1a0c534-498e-4d5a-9e69-b9c32c15f1f3"}{"message":"Done.","opid":"1cfd5c92-b4d8-4411-82e4-fe3ad665b6c0"}{"message":"Done.","opid":"0c094c26-8d5e-4d08-a492-4dd79956df52"}{"message":"Done.","opid":"c9ef406f-6ad7-46a1-84e7-5d37298e9c01"}{"message":"Done.","opid":"ba0c8e97-251e-40af-9f42-b5ba619710c1"}{"message":"Done.","opid":"e2eda23e-fcf7-46c1-be4b-97cbb841e796"}{"message":"Done.","opid":"fd336425-ae6e-4b85-a794-79c01f1d6621"}{"message":"Done.","opid":"3f51998d-ed6f-4a51-8880-00fdd1484d36"}{"message":"Done.","opid":"5b694507-acf2-48f0-95ce-661ad2a07912"}{"message":"Done.","opid":"771133e7-48e6-4647-8592-eb8d7b79f3fb"}{"message":"Done.","opid":"524d90f3-2ab3-4a30-b172-da00bb23bda5"}{"message":"Done.","opid":"9bff6721-67b0-46d3-a1ad-e71d280ee6bf"}{"message":"Done.","opid":"700d9b5c-1f19-496c-89cc-44fc065baa7d"}{"message":"Done.","opid":"eb48138c-61dc-4a9b-b848-958962d2a5bf"}{"message":"Done.","opid":"c47f9b7c-12d0-4462-84c5-9187e6579b49"}{"message":"Done.","opid":"027a6f5c-fb1c-438f-b0fe-2c3cee39faa4"}{"message":"Done.","opid":"774b4dac-1d82-4319-8bd7-7878711308b5"}{"message":"Done.","opid":"9a2efa07-2ccc-4d14-93dc-6a5565061fa6"}{"message":"Done.","opid":"70eaacf1-b772-4564-93e8-b7ce0fcf8199"}{"message":"Done.","opid":"f201b4b5-1f35-4761-a986-10fcc90f82b3"}{"message":"Done.","opid":"44305df2-09f8-4bc1-9850-b078fa5c3105"}{"message":"Done.","opid":"4d498b29-1ecc-4f2d-ab31-24862b99eb62"}{"message":"Done.","opid":"0e621555-d68c-48f1-9217-f32dee04fc1c"}{"message":"Done.","opid":"a4e41c3a-5dbd-4063-a66f-006285e64dc5"}{"message":"Done.","opid":"3f311759-692d-4082-b49c-82278e18f5a3"}{"message":"Done.","opid":"a5bee209-f1ec-4c1b-b185-e9f410c8af86"}{"message":"Done.","opid":"df5369b9-c661-4578-be99-31cef2609300"}{"message":"Done.","opid":"38acfec4-7dc6-4352-83fb-8b789203dfc3"}{"message":"Done.","opid":"c992ff7c-f74e-4109-881a-e7a131499ea8"}{"message":"Done.","opid":"bd829737-28d8-44e0-b275-1e36e04fcf41"}{"message":"Done.","opid":"a5770a3c-791f-4769-9c9a-7f287a66c3d4"}{"message":"Done.","opid":"e8cce247-1ba0-4b75-9636-aad30a4edf8c"}{"message":"Done.","opid":"cf9d291a-bdd2-4b84-bbb2-97f8e26edc39"}{"message":"Done.","opid":"2ccce755-3fa6-4555-bb1c-b62c13d28f07"}{"message":"Done.","opid":"bb4616fb-2174-4d44-bbe2-1b001f30b6e8"}{"message":"Done.","opid":"84848632-09e9-4e91-b997-31ead3d0259d"}{"message":"Done.","opid":"daff0b3a-f216-401f-b7e9-546b970a4da9"}{"message":"Done.","opid":"90266cb1-aa16-4026-8b1e-1e7785cf78b1"}{"message":"Done.","opid":"63d2f3de-dee7-4c19-a080-83242d9c57ff"}{"message":"Done.","opid":"a82eae21-ee60-4918-ad61-98d40d26c579"}{"message":"Done.","opid":"6f5df1e2-2972-4996-8109-34822b867224"}{"message":"Done.","opid":"7952d98f-9d66-4b22-a8ea-f516cb5240e5"}{"message":"Done.","opid":"2c3e4aa5-1a68-493a-b20f-f33701996c00"}{"message":"Done.","opid":"c290e261-5479-4502-a55c-06f9d19eead5"}{"message":"Done.","opid":"c300a6a8-9679-44e8-a68e-3b271489186c"}{"message":"Done.","opid":"816405f7-9ff8-4a5c-afba-97c3e268f734"}{"message":"Done.","opid":"33b72bae-5588-492c-870a-e429f8dd92fb"}{"message":"Done.","opid":"9b9159fe-ef8c-44e7-aa07-1d40c8de6c6a"}{"message":"Done.","opid":"7c2f4e8b-cd35-48a1-8d2f-c5a5129d57d7"}{"message":"Done.","opid":"c30930f6-2ecc-4264-90d7-e2d6decce31f"}{"message":"Done.","opid":"30747c04-47dd-4338-bd8a-c286ed33cfdf"}{"message":"Done.","opid":"382ac36c-71df-4167-bee7-f5ce0d1e822c"}{"message":"Done.","opid":"d51bd045-66a8-4265-a10a-dc9ce6423ec9"}{"message":"Done.","opid":"7407e8ae-da1e-4dc6-b815-210ba97ecec1"}{"message":"Done.","opid":"0967f9f1-ec18-4efb-a4db-2467dff43f66"}{"message":"Done.","opid":"26c1a127-8899-43b6-8428-56940b626d06"}{"message":"Done.","opid":"c1d556b9-1d6a-4c54-a145-fe0728992678"}{"message":"Done.","opid":"45f4d8b8-8978-4e48-a2d9-b4a530c28259"}{"message":"Done.","opid":"e6e5c607-1d36-4d0e-89a7-93a6ef7c81c6"}{"message":"Done.","opid":"305cc1d4-23f7-4cde-80cb-79dab9701665"}{"message":"Done.","opid":"890f6cd1-b632-448c-91a3-c6a9d2fe582b"}{"message":"Done.","opid":"49aa875c-ce02-4271-bdab-e5f85288eb0e"}{"message":"Done.","opid":"ed8c7615-6af2-4e62-ac16-66d42785dbee"}{"message":"Done.","opid":"3bd7b7c7-bb9d-4fb3-90db-62cb6af0efa0"}{"message":"Done.","opid":"c274a943-56ae-4414-84db-660f443c6465"}{"message":"Done.","opid":"a7d14725-9605-4c92-9fea-235ce239c8a8"}{"message":"Done.","opid":"f7c02eb3-d37a-4433-b9d6-6698f64c32e9"}{"message":"Done.","opid":"7daa662d-7e4d-4de5-a4f9-b9aaf97770c8"}{"message":"Done.","opid":"cf23b46c-c2e0-428c-8922-5ff300bf3b3f"}{"message":"Done.","opid":"2ba83e7c-a535-41b9-bc51-39adee565e4e"}{"message":"Done.","opid":"5625d770-5bbc-44cb-9909-9cd64067f1fa"}{"message":"Done.","opid":"a9e4aa74-455f-4517-9e89-09969583e66a"}{"message":"Done.","opid":"5aed412f-0ae4-4fac-a392-992ad0f4f765"}{"message":"Done.","opid":"b4642e54-2b75-48fb-a134-c534d1e84616"}{"message":"Done.","opid":"9fc849e2-c73d-4b14-9b45-16eb6593feb0"}{"message":"Done.","opid":"2e173594-ecae-4164-ba35-9469a9da19cd"}{"message":"Done.","opid":"5aba92a8-f7a9-45f3-85a9-6408e9c85983"}{"message":"Done.","opid":"1d66364c-e392-4d4f-b83a-ca05741210d2"}{"message":"Done.","opid":"c4ebd486-2c24-4649-8f5a-c0e0a3da7000"}{"message":"Done.","opid":"1879443f-19a3-462e-ba62-526b07b11aad"}{"message":"Done.","opid":"06a2cd2c-dbb9-4701-8af9-7cb8b0c67a33"}{"message":"Done.","opid":"0f05570b-190f-4580-b889-ae31afd0591d"}{"message":"Done.","opid":"9e345fe1-24bf-4953-b1fa-1a65ce10bfbf"}{"message":"Done.","opid":"0afdc0d9-890b-409a-b0a9-3725cf956a0f"}{"message":"Done.","opid":"0e7a2024-4442-4950-8d6a-975d30c4661d"}{"message":"Done.","opid":"b7106405-a90c-4acf-8aae-523587415bd8"}{"message":"Done.","opid":"eda05099-5a8d-4183-8a15-38a21d416bf5"}{"message":"Done.","opid":"79c15225-276a-428b-af9e-ed92abd63024"}{"message":"Done.","opid":"16cc4438-6e40-4dbf-9180-a670169021ed"}{"message":"Done.","opid":"9bd8cc72-d5c7-4d5a-85f8-04e694aaf610"}{"message":"Done.","opid":"227a35de-54bb-408b-81f7-b4ed1dcbeb7e"}{"message":"Done.","opid":"1e125d3f-6ad8-44ca-bc18-fa12cb81cffa"}{"message":"Done.","opid":"273a1eb8-1570-48a8-b1a0-ccc04c1e4537"}{"message":"Done.","opid":"b41d49b2-b30a-4749-bb34-dfdb0692a0a6"}{"message":"Done.","opid":"96d79eee-2016-4014-885d-a9aadf7d05c1"}{"message":"Done.","opid":"6db5a3ee-f8a4-408e-b2a3-83add9af1af8"}{"message":"Done.","opid":"11047ea0-f9dd-496a-9245-7da91d734a02"}{"message":"Done.","opid":"b979823c-0979-46a8-8087-3f02f0732ecc"}{"message":"Done.","opid":"7e37c157-5bc2-428a-bb35-5752476e96b3"}{"message":"Done.","opid":"594efaba-e42a-4fc4-8534-87a8e15d02e0"}{"message":"Done.","opid":"4240d47c-5d76-4438-9c76-a73d53bf4f3c"}{"message":"Done.","opid":"a3d0eb8d-8c30-4140-b779-e4dab72232d2"}{"message":"Done.","opid":"a86f2c36-dabd-4bfc-92b9-01400b1d5d42"}{"message":"Done.","opid":"758c9b44-24a1-49b6-b1bc-5de575a51d92"}{"message":"Done.","opid":"32091e51-829c-4b5d-b632-326eec086081"}{"message":"Done.","opid":"ac24d521-6415-4fb8-a09b-fda686617d5d"}{"message":"Done.","opid":"4f877dd1-b18d-42e9-a6b7-2b51fa128e57"}{"message":"Done.","opid":"f8f479c1-c1d0-427a-b1c4-4b64cdf0fd46"}{"message":"Done.","opid":"1c9097bb-c45f-4cb9-ac03-cea8fc4684fd"}{"message":"Done.","opid":"0eb6fa80-3e01-492f-8b68-9aa31d0e7d27"}{"message":"Done.","opid":"fe4142b5-2ae4-4e29-84ee-72db5c022489"}{"message":"Done.","opid":"451b26fc-604c-4771-9bc9-607a9b2c10cf"}{"message":"Done.","opid":"9d4ed159-167e-45fd-849d-eb444167b827"}{"message":"Done.","opid":"a686ec61-293e-4c27-837b-60e901deffc4"}{"message":"Done.","opid":"3f4e0c9f-e185-4f75-a826-a59bd8025c5e"}{"message":"Done.","opid":"1e858604-4808-4917-916b-0b3c2e029ac7"}{"message":"Done.","opid":"731367bc-438e-4075-a213-83854d6ba317"}{"message":"Done.","opid":"1bc900ae-0f0d-4a02-8f37-c398d3758f67"}{"message":"Done.","opid":"0df8e2bd-3836-4de4-9f4d-0f078e458f74"}{"message":"Done.","opid":"65154b87-3554-409f-b183-2880b0f7711a"}{"message":"Done.","opid":"4b482e7b-1f5b-49a7-8a2c-ba5934a8a8c0"}{"message":"Done.","opid":"961f2eae-23f3-453d-8a0b-39128febf67f"}{"message":"Done.","opid":"ac0a0813-3666-48ee-86ff-6052338747f6"}{"message":"Done.","opid":"a400f2b2-fb17-48e9-a89e-4d652607eebd"}{"message":"Done.","opid":"591f9704-5795-4b56-a3e5-5e58655fc2a7"}{"message":"Done.","opid":"6720e02d-bed6-4974-a470-c0c69ee515c2"}{"message":"Done.","opid":"5b362fe7-91ee-44b5-942b-055669f03891"}{"message":"Done.","opid":"06bf26db-582a-4ff2-8b5c-698e9dec7465"}{"message":"Done.","opid":"fc6c879b-b5d5-44aa-9b4b-0c045dec1e79"}{"message":"Done.","opid":"120e25a3-17bf-40c3-a6cd-b6e4d7c80975"}{"message":"Done.","opid":"b380f8cc-7d56-4636-ac67-627b85691aa8"}{"message":"Done.","opid":"6be4e17c-6ac6-4fd9-b2f5-0549049ea4c3"}{"message":"Done.","opid":"b503b136-db7c-444b-8dd9-16aff338dad1"}{"message":"Done.","opid":"9e79c3b0-99ee-48db-9ef0-001c7b03e120"}{"message":"Done.","opid":"64e56c1d-e4b2-405a-a8c9-1ae20ffc976c"}{"message":"Done.","opid":"37e07b03-2e31-41ac-8702-318596045776"}{"message":"Done.","opid":"ad6de9d7-a80d-4236-abd1-a87bf9e9dc1e"}{"message":"Done.","opid":"330408a9-6687-490f-a41d-aeba3e6f5cbb"}{"message":"Done.","opid":"e649740e-df6a-48d3-ad04-c5c846a934f5"}{"message":"Done.","opid":"cef7a0b7-ad9f-4f05-894b-8b9a1f53a4e1"}{"message":"Done.","opid":"a6dfb143-0b74-48a3-8224-c01953035d7e"}{"message":"Done.","opid":"fbc46669-e5cf-4748-82ca-da8f2f787f4c"}{"message":"Done.","opid":"50f7e80a-4c88-4cb6-9167-cfc0d77bf183"}{"message":"Done.","opid":"98433613-b83a-4892-83e1-dd2553ed715c"}{"message":"Done.","opid":"16954893-fa19-4bbb-9860-da4f0aa58504"}{"message":"Done.","opid":"0e25926a-b3c3-4bad-bdf1-662c98e92ee0"}{"message":"Done.","opid":"7a6d2237-7fa2-4353-833f-0360905e9fcd"}{"message":"Done.","opid":"d7cf803f-b5a9-4970-9a68-4c8d90e1c4a6"}{"message":"Done.","opid":"0f9db09c-3b43-41b3-90ab-96b09ae965c8"}{"message":"Done.","opid":"06bcb767-0842-4f39-a957-d33fb67e2e2c"}{"message":"Done.","opid":"b0025ad3-e085-49ce-9f49-acabea0418fc"}{"message":"Done.","opid":"5af7ca17-ed13-4621-b727-128640dfbff9"}{"message":"Done.","opid":"1f0d0cb0-3667-45d9-b56c-9d6a94ed6247"}{"message":"Done.","opid":"97526474-a401-4552-9123-88707e303bff"}{"message":"Done.","opid":"87976f7d-9286-4426-a83e-221a7b237e45"}{"message":"Done.","opid":"d1d8e6d6-ff0b-4475-909e-c36f51604001"}{"message":"Done.","opid":"481dc6f3-02fd-4f8c-85ae-97ff3f3291f9"}{"message":"Done.","opid":"7c690c78-74e0-4b18-856a-df59da70bf64"}{"message":"Done.","opid":"fe4de35a-e763-40f1-8d48-d9148d8e1d6e"}{"message":"Done.","opid":"d069d9cc-303a-4877-baae-71d60b939194"}{"message":"Done.","opid":"7a3056e5-6e6f-416c-a034-caf97d638589"}{"message":"Done.","opid":"c615da19-0662-4ce5-9969-922fbf9fbc79"}{"message":"Done.","opid":"c3a8ac12-4067-4bc9-9cb9-c9c62c89bbeb"}{"message":"Done.","opid":"fd7a144d-f86a-48e7-8e5b-bcd24dfedda0"}{"message":"Done.","opid":"a9136c9c-c1db-433d-802d-837d131f1a3a"}{"message":"Done.","opid":"c64a9719-4195-4053-8cbb-1adabb628cf2"}{"message":"Done.","opid":"e7050fa4-9bbb-442d-89c9-54d5f2bb36ab"}{"message":"Done.","opid":"f1648df4-d00b-42dc-b735-eeee20548455"}{"message":"Done.","opid":"fac0f9fc-f082-47e6-99e7-fb684b5497bb"}{"message":"Done.","opid":"68f364c7-4daa-46b8-9c4e-f9ffa6475b7c"}{"message":"Done.","opid":"45fdc211-2c70-476c-a33d-f5ce2620789c"}{"message":"Done.","opid":"d7c9af64-eb57-4b30-bd6f-6fbeba15cb6d"}{"message":"Done.","opid":"1b3cc9db-3f29-4fb0-9b07-124786a278b9"}{"message":"Done.","opid":"e2d354c1-5434-4dbc-a531-a493b6886e70"}{"message":"Done.","opid":"ff913010-a621-4ea9-9128-10eae5ffb45c"}{"message":"Done.","opid":"4f3edf2e-8631-403e-b86b-c1beb33bc4b2"}{"message":"Done.","opid":"9a1f02f8-61c6-41e9-90af-186b4885faea"}{"message":"Done.","opid":"13399abe-2f18-4e25-935e-dd294b6edfa1"}{"message":"Done.","opid":"fcbffb2d-0a25-4954-9c65-d4f23c7349df"}{"message":"Done.","opid":"1e2af637-6d29-4b76-bc2b-104df289c2ab"}{"message":"Done.","opid":"b00f2e41-3b0d-4715-bc33-712f2b1c00e2"}{"message":"Done.","opid":"8da58807-6b19-43e1-b2f2-ac0a4c344ac9"}{"message":"Done.","opid":"7f761f51-09c8-4a7b-b2b3-0e50d64e072e"}{"message":"Done.","opid":"d8224fe9-0734-4325-a412-23fde61735cc"}{"message":"Done.","opid":"96038744-8fae-48d9-86cc-fa4fc42914f3"}{"message":"Done.","opid":"e50e0745-f0d0-4e07-9673-35b13dbd25dd"}{"message":"Done.","opid":"be182276-82da-4f47-b031-f29dba0290e3"}{"message":"Done.","opid":"fd548d3b-bf17-42e6-ac3a-2d16dfa7eac7"}{"message":"Done.","opid":"59421c94-c6a9-4320-b34a-aae8eb7960f4"}{"message":"Done.","opid":"b04e3903-37b9-4ff6-87b7-fea52bfebbd1"}{"message":"Done.","opid":"d33e303b-db62-4c97-9d9d-4cf1789cbfad"}{"message":"Done.","opid":"9b89f976-d39b-4766-b651-10ee48fd0494"}{"message":"Done.","opid":"50ef3585-bf77-4276-8ea1-fce85ecb2908"}{"message":"Done.","opid":"6f26310c-3740-421f-bb34-62211c3bb9ba"}{"message":"Done.","opid":"336275b4-b845-4820-a4d2-11a793b9ea7b"}{"message":"Done.","opid":"767a8a60-ab50-4816-abe6-bb3d62ab4d94"}{"message":"Done.","opid":"2fe80bfb-f641-4fa0-95c8-c11f64a40437"}{"message":"Done.","opid":"eef649f4-5c1b-4ac6-b3ec-54659b6d0600"}{"message":"Done.","opid":"7d174f1a-4a76-4f98-babb-ed4b713a5bea"}{"message":"Done.","opid":"b91cebbb-2868-4995-8ae8-28e38b2da33f"}{"message":"Done.","opid":"3b3dcc00-4624-4d71-903c-32da5ee8c06f"}{"message":"Done.","opid":"60bd6c05-a5ba-4179-95c4-34af58844389"}{"message":"Done.","opid":"2541db03-d73f-4128-a9f9-7803cd11e7f0"}{"message":"Done.","opid":"ae7a50dc-919c-4940-b210-20c3ff26f51a"}{"message":"Done.","opid":"baa72a02-3849-458d-a257-e9b2407b52af"}{"message":"Done.","opid":"cf92a604-6e2c-4d49-a1b8-cfc08ef6a50e"}{"message":"Done.","opid":"8c46df05-c251-4e0f-9af5-65df3d2bd05f"}{"message":"Done.","opid":"b3b5b06d-77a2-4f5e-a4c0-262fed117a73"}{"message":"Done.","opid":"ed772035-57ed-4799-b3f5-da6261b8bbf5"}{"message":"Done.","opid":"384b3017-450a-413b-868f-879a195b7f37"}{"message":"Done.","opid":"6e4fc7db-4ccd-4286-8fed-b774edd61285"}{"message":"Done.","opid":"913b50b3-b64b-4097-a02b-71d399d13a64"}{"message":"Done.","opid":"59ee1bad-6ef3-4e03-9751-4c57f54cac61"}{"message":"Done.","opid":"5feb6073-8e03-41b2-bad2-1524434f0cc2"}{"message":"Done.","opid":"da896e05-bb14-41d7-8873-f9a791529b34"}{"message":"Done.","opid":"6bcfcb6f-c846-44cc-a42a-1d7e56cc67d2"}{"message":"Done.","opid":"ecae713b-1c0c-450b-af4c-131b6218d295"}{"message":"Done.","opid":"8030fece-a795-4395-83b4-45acccb17fab"}{"message":"Done.","opid":"67c5c9d6-82f2-44b8-94a8-318ad07c8bf0"}{"message":"Done.","opid":"7df4eb1f-bfda-479f-b23e-ac4de538cfe0"}{"message":"Done.","opid":"724d2952-5ccb-4511-b5f1-3ce6588e5fe3"}{"message":"Done.","opid":"361e549a-7b3f-437e-adbd-9b1f71a167d6"}{"message":"Done.","opid":"3746b08b-0908-42c8-b045-83b3038c5c19"}{"message":"Done.","opid":"29064663-9e24-436a-93ed-5ad0aaab70a6"}{"message":"Done.","opid":"3f947c09-2150-4e35-8c50-90c35408cc5d"}{"message":"Done.","opid":"f0e81d72-90c9-4cdf-9632-6777c66087ac"}{"message":"Done.","opid":"d1cf0f23-0749-4e48-9d91-6e5bacdf54e5"}{"message":"Done.","opid":"0ae79c86-10f9-493b-a20a-a00428a6fa9f"}{"message":"Done.","opid":"e4c085f5-c200-4a9c-a388-5a4edc9bd759"}{"message":"Done.","opid":"234d4908-b2f9-405f-81c1-f685ce5fe8ba"}{"message":"Done.","opid":"121b0bf7-ccc6-4d8a-85ff-f8de414c0887"}{"message":"Done.","opid":"e604ffc3-68c0-40f5-ab58-45b629053eeb"}{"message":"Done.","opid":"954f5767-bb24-42d1-8e78-b7eac57ea482"}{"message":"Done.","opid":"b7c42f23-aad2-402a-a8fb-ccd66d6b7879"}{"message":"Done.","opid":"14512e37-ac12-4bac-887d-10935326413b"}{"message":"Done.","opid":"6415b70c-e70b-4018-98ce-308f0eaf0b37"}{"message":"Done.","opid":"3baf8332-4809-4942-9cc6-bc9ac01b8c27"}{"message":"Done.","opid":"ae6e1991-e95d-42fb-a7e7-8480cb3a5733"}{"message":"Done.","opid":"a51c4f09-7114-4c98-85bd-591de0afc2b9"}{"message":"Done.","opid":"486e3d47-bf23-4a12-a06f-a0be979d5e3c"}{"message":"Done.","opid":"0220a063-8b78-4940-b12d-47aaf9c29184"}{"message":"Done.","opid":"23a62300-8b6a-4ed3-90ab-fd8c8710a5e4"}{"message":"Done.","opid":"15837eef-c008-455e-9b1c-c1bc93f110a6"}{"message":"Done.","opid":"9ff7d28b-5b51-4e8a-89f5-fcf3d238e7ee"}{"message":"Done.","opid":"ce0037dd-f8d9-4702-8bb2-fc4523e22da4"}{"message":"Done.","opid":"4dacb813-cd9b-4eb9-88c9-780516733a92"}{"message":"Done.","opid":"7446d258-081d-4728-b72d-979f11128e2f"}{"message":"Done.","opid":"0b50e02b-3e95-497b-b0bc-16ebfe24c9b8"}{"message":"Done.","opid":"7c235bd8-ea57-4565-b22a-f7df408fc43c"}{"message":"Done.","opid":"da80294c-1b12-4b67-ac3a-1eed9a9d9f38"}{"message":"Done.","opid":"1fa0b6f1-a27f-4776-b708-c5230b50381d"}{"message":"Done.","opid":"232906b1-038e-4272-bd0c-f15fa82ae32f"}{"message":"Done.","opid":"443c20c2-859d-4a12-a10c-939523ab4542"}{"message":"Done.","opid":"e14ebb0f-f052-4c54-9993-974452c32bed"}{"message":"Done.","opid":"adabbd3a-ea06-4d94-867c-c66d33c8c240"}{"message":"Done.","opid":"25aa16b8-41a4-4b40-9ba1-c184fde44b1d"}{"message":"Done.","opid":"b21aabf2-ea47-44f8-9ee8-7dfa77dd324e"}{"message":"Done.","opid":"722c73a8-aca2-419a-af07-5c4152d25a2a"}{"message":"Done.","opid":"e4e4e41e-a2f9-465a-8b57-900d75015ffd"}{"message":"Done.","opid":"1c983b7b-1220-4c83-8683-65925a100ba6"}{"message":"Done.","opid":"b8367b7a-9951-455c-9983-62b375a13db5"}{"message":"Done.","opid":"36330c16-17a4-4761-a4f5-056f05a1e90d"}{"message":"Done.","opid":"0e73ebaa-ad31-4603-a111-e06cd5541484"}{"message":"Done.","opid":"bbea5c11-3539-4793-b968-338ed30600f9"}{"message":"Done.","opid":"f41fdc75-5483-4dc0-ae32-92035619d7e4"}{"message":"Done.","opid":"813b877b-83f7-446b-ba32-b36c1516cb4f"}{"message":"Done.","opid":"5db153fc-cb57-4142-8c7f-8f9b9ff9df69"}{"message":"Done.","opid":"78dfdf3c-00c9-4f03-8b64-4bcd31d3394a"}{"message":"Done.","opid":"69428115-9d61-48d2-b069-baeb9c2f6f20"}{"message":"Done.","opid":"e557f05e-fa2b-464d-a6c0-0edd3dbab8e0"}{"message":"Done.","opid":"fb20ca40-e727-47cb-b788-e2205d1fec65"}{"message":"Done.","opid":"bab60ee3-7023-43bb-92ab-c50c1e20e999"}{"message":"Done.","opid":"0cb2ab07-e6e8-4ca2-929e-109af38e1a70"}{"message":"Done.","opid":"d913ea38-d8bc-4572-8077-2fe35ea9e38a"}{"message":"Done.","opid":"4f25c274-8cf5-4a6c-8ea7-0c558a008058"}{"message":"Done.","opid":"28492296-25b2-42b4-9fa6-4a6703fae315"}{"message":"Done.","opid":"b43b45a5-27dd-4879-b01a-7447f8b515cf"}{"message":"Done.","opid":"a2a4d998-211b-4b3f-ba40-733cc9ea841a"}{"message":"Done.","opid":"204342b6-6f1d-4bc2-b58b-632b444351a9"}{"message":"Done.","opid":"f40ef4e1-1225-45fc-995a-19cb9d767e4a"}{"message":"Done.","opid":"5732831f-9cab-4c5d-8a94-ac2d5f81bf62"}{"message":"Done.","opid":"3a86bbbf-974d-4d64-8ceb-fdca029dca1d"}{"message":"Done.","opid":"a80019d6-0f4c-43a0-99d3-46b252957143"}{"message":"Done.","opid":"971815b6-5970-4dd2-a07f-a39176887982"}{"message":"Done.","opid":"13766f9c-7a38-4cfd-921e-76e4962de943"}{"message":"Done.","opid":"eca76c29-ae8c-44d5-b7de-c6b2db538cd9"}{"message":"Done.","opid":"a7f227c7-648a-43c3-8d3f-927fe06ecdc8"}{"message":"Done.","opid":"b902fdc2-3af2-48ef-9bcc-133f35f71b40"}{"message":"Done.","opid":"4d5ec3e8-96ae-458a-8edf-7ceb47b90298"}{"message":"Done.","opid":"7e294060-4a75-4b5b-b259-e438196aca1a"}{"message":"Done.","opid":"5e67603f-aa1c-4d2d-817c-0bf20dc6f546"}{"message":"Done.","opid":"727386ba-c208-4dab-83fc-a7cf13e19dc9"}{"message":"Done.","opid":"07edd04f-e97b-420e-8395-ce5447a18f9e"}{"message":"Done.","opid":"b427a29b-6645-4f69-9ad3-687c8f77103e"}{"message":"Done.","opid":"7ca38000-0e36-44ad-a8a2-3f7bc2895253"}{"message":"Done.","opid":"0f90bf97-8a06-4d2d-9ae5-9cfbd0c28f40"}{"message":"Done.","opid":"5299befa-c7d8-488d-b407-fe4dcec151b7"}{"message":"Done.","opid":"ab55907c-04d6-4c31-ab86-bcb04c9e3951"}{"message":"Done.","opid":"3b80c7ae-f70d-45c4-beaa-a68cf2c394d6"}{"message":"Done.","opid":"4cb3b22c-fa7a-45b4-9653-a473f9299e08"}{"message":"Done.","opid":"9310a1c7-de4b-4dac-96d1-dede73bd497c"}{"message":"Done.","opid":"01c428c0-1fb2-4408-82d8-a1e7a6d4c84a"}{"message":"Done.","opid":"e7178e44-c69f-4efd-b7c5-5bae61d4284f"}{"message":"Done.","opid":"8515d58d-a8a5-490b-9dcc-7a1e9c282fb0"}{"message":"Done.","opid":"827d90e6-6f76-4065-a43a-e2bf77404e4b"}{"message":"Done.","opid":"776ba8d9-b01e-4c67-ae9d-6c534d0b8448"}{"message":"Done.","opid":"0daa8d25-692f-4c03-b2b5-e786af5f0b8b"}{"message":"Done.","opid":"ef7b0b31-d6ff-4266-b808-1b6b3664e4c5"}{"message":"Done.","opid":"c5835dc6-d01a-4875-b0d5-4786a035ffec"}{"message":"Done.","opid":"a9291bb1-682a-4e22-8427-01e87236bd15"}{"message":"Done.","opid":"59e714a1-951c-4f03-8ca7-adb7d15c92f1"}{"message":"Done.","opid":"943f0417-3f85-4f81-a389-80d5b3e3bcf5"}{"message":"Done.","opid":"9a7a5aa1-1305-415d-98ce-247e3fbd2ed5"}{"message":"Done.","opid":"46114fdd-2719-40bc-9861-7af8f224807b"}{"message":"Done.","opid":"3f72d4b8-927f-4f37-b84c-1d2988a62d78"}{"message":"Done.","opid":"1b55076e-79b5-431b-ba70-9c913f1151cf"}{"message":"Done.","opid":"0ab59eb5-e5dd-4717-8b6c-5c97245b606c"}{"message":"Done.","opid":"3fef1bd8-1b85-45d6-994b-c61f4bdd1369"}{"message":"Done.","opid":"fec18449-b906-4e43-8cec-daf140fdb031"}{"message":"Done.","opid":"1ceaf560-d482-4e59-a843-274e3f6e15d4"}{"message":"Done.","opid":"b9e54f49-63d1-4093-b1fb-bf1ada565aca"}{"message":"Done.","opid":"4c0b25d9-0657-452d-9aec-690faa68e595"}{"message":"Done.","opid":"d0a19a47-c478-4208-84cf-bcc3cda871b7"}{"message":"Done.","opid":"ba6b79f0-4dc8-45c0-929c-b6a4eb4e059c"}{"message":"Done.","opid":"ebd1f9ed-4b79-4dd9-979c-82342f23b0d8"}{"message":"Done.","opid":"bc0f6542-66a8-411f-a074-335cb1520098"}{"message":"Done.","opid":"bd23126c-2671-43ca-aced-7d00864953d5"}{"message":"Done.","opid":"8cb904ed-0b0a-46bc-9748-2a647a326f4a"}{"message":"Done.","opid":"d12b0b1d-6f7b-4907-8674-37b00091120a"}{"message":"Done.","opid":"85b912ab-db68-4ac6-b2fc-5e23e294f77a"}{"message":"Done.","opid":"b95db1ee-33f8-4657-8bcc-aee8a86b5d53"}{"message":"Done.","opid":"df0752a4-f9e7-4ecb-9716-3f8948b734ce"}{"message":"Done.","opid":"3d50f543-73cf-47ee-8ac8-a8dee129beed"}{"message":"Done.","opid":"e3223cd1-f12f-453e-b1a6-d76a030b28fd"}{"message":"Done.","opid":"d4a46ed0-8ff7-494c-953c-53206287a572"}{"message":"Done.","opid":"fdeccf2e-fcf7-42d2-8176-9eaa462d36ec"}{"message":"Done.","opid":"b055ce52-836e-41cb-94e8-4453b30bb4eb"}{"message":"Done.","opid":"4e556ea3-9ceb-4df1-9f0d-25a12d4b6aba"}{"message":"Done.","opid":"7a206a80-7a71-449e-949a-088bb5fcd945"}{"message":"Done.","opid":"5b286fc8-989a-4da5-827d-d816e4c17af5"}{"message":"Done.","opid":"88e9bd0e-bc5f-494a-96f8-d450b3544a9e"}{"message":"Done.","opid":"34b8b582-9852-48f8-a603-01dc6ab96e6d"}{"message":"Done.","opid":"3ac2913c-7149-41d7-8dd6-1370424f56d1"}{"message":"Done.","opid":"a1ddd3d4-2934-4731-acb8-e6da45c71efa"}{"message":"Done.","opid":"ec1a73b6-94ef-48ca-9e91-aa22b11589cb"}{"message":"Done.","opid":"65c8d235-6d55-408e-9935-7740e467e447"}{"message":"Done.","opid":"af12abb4-a71d-43b9-bf1e-592088971b19"}{"message":"Done.","opid":"59e580ba-ea52-4d09-926e-ab9a176ae4f8"}{"message":"Done.","opid":"019e310c-ac6d-4062-9e45-221bf6609bbb"}{"message":"Done.","opid":"12afe14c-4fde-4597-a810-3485ace94020"}{"message":"Done.","opid":"2bbfc54f-46cd-47af-bdc2-ad2d4b193dc6"}{"message":"Done.","opid":"eeb3c347-59bf-43ef-9ea5-35a1216804aa"}{"message":"Done.","opid":"60e2a379-c191-466a-8d4e-2a870cc98bfe"}{"message":"Done.","opid":"ab456d42-24c4-40f4-b526-775be5e4fe9b"}{"message":"Done.","opid":"d8578cd9-98c9-4df7-befd-633e8adf0982"}{"message":"Done.","opid":"52f49a28-6639-4625-9b08-fa012ce8d106"}{"message":"Done.","opid":"b7234382-eb6f-48f3-852a-007195dc542e"}{"message":"Done.","opid":"7b470624-1eee-4fa7-ae55-0239942a8a95"}{"message":"Done.","opid":"f7a4f5d1-ad9f-4d33-9b7f-686087c42f2c"}{"message":"Done.","opid":"a1cd91a0-8d51-404d-bf50-86ba5e0e4efa"}{"message":"Done.","opid":"c64f3d1c-571a-4ba0-8441-afe317286282"}{"message":"Done.","opid":"b548c800-f8c7-4008-bafc-71efa39d50eb"}{"message":"Done.","opid":"265f821c-2812-4375-b54c-f7ad31b10de3"}{"message":"Done.","opid":"d468c531-9ff3-4588-9577-c78d4404fa22"}{"message":"Done.","opid":"a8c81f8a-8c5d-4814-9280-2a74f36b6edf"}{"message":"Done.","opid":"085277c8-0c3e-4327-b480-7aee8815c9ad"}{"message":"Done.","opid":"4bf9d473-3db8-4151-83c3-831f26a3fdb8"}{"message":"Done.","opid":"679c21b6-aecd-4894-8c9b-679a8ab5ae70"}{"message":"Done.","opid":"435fb3c0-920e-4132-9692-cc8d86c83369"}{"message":"Done.","opid":"627b0e5d-3f29-42ca-99a8-9514b200584f"}{"message":"Done.","opid":"5e7f632f-b237-4b41-9fa6-95a9543ee815"}{"message":"Done.","opid":"d90386d9-a165-4174-a4b8-5f4e59baaa44"}{"message":"Done.","opid":"7dafc1c6-d3cf-4a53-a894-cbce8d5e1770"}{"message":"Done.","opid":"7c0d59c4-b19f-4733-b2c0-bde268f26918"}{"message":"Done.","opid":"5a203c3f-38df-474c-9358-4344866a45a6"}{"message":"Done.","opid":"86aa205f-8045-4f99-ab2d-8cfbac692454"}{"message":"Done.","opid":"6e8e7029-fd6b-4392-a8e9-3b0cf3ddf041"}{"message":"Done.","opid":"bcc2295f-6edf-4d77-9085-09dfc162bb1d"}{"message":"Done.","opid":"414156d6-4a08-4718-938c-1c889dbbd763"}{"message":"Done.","opid":"7c3e162c-f8e7-4372-a127-464420f6830a"}{"message":"Done.","opid":"15867796-60a7-462e-b689-070d11e9032d"}{"message":"Done.","opid":"15dfb570-d55a-4dc8-9785-22d4e60de2d6"}{"message":"Done.","opid":"9f46b2aa-18f6-4651-a5a4-0acbcf1ca17f"}{"message":"Done.","opid":"5e07f2e0-637d-45fc-ad42-7900edd5d32b"}{"message":"Done.","opid":"c8dddb3a-32d2-4c55-9293-e36eafe851d2"}{"message":"Done.","opid":"5158c1a7-c32d-48af-be4a-d64da6226327"}{"message":"Done.","opid":"f0fc7b31-7622-42ba-a414-bbfe1ab6c916"}{"message":"Done.","opid":"f3208ff7-2773-40c5-9fe2-c9be54473392"}{"message":"Done.","opid":"3939d488-fd7a-4769-afab-92177946d7b1"}{"message":"Done.","opid":"44de30ee-7f9c-40ea-8aef-f41cb18769f1"}{"message":"Done.","opid":"8d283be6-ef58-4e56-8cd6-439fc516c934"}{"message":"Done.","opid":"7e2aa676-4899-4268-88c7-5b9b290363e8"}{"message":"Done.","opid":"2bb56b52-d751-4d69-a2ad-5f8062cc0fac"}{"message":"Done.","opid":"12ecf2e5-4684-4f5a-8db8-15813e2ff6f2"}{"message":"Done.","opid":"fab61719-5613-4a8e-b89f-020572ca60e8"}{"message":"Done.","opid":"ff39db4d-bc4d-434f-84b5-06106837d189"}{"message":"Done.","opid":"d4e6195f-d218-4f25-88fc-397447616717"}{"message":"Done.","opid":"b1cf7dd0-4e0d-48a6-8279-9ca2f39ae739"}{"message":"Done.","opid":"f35e5e39-1e81-4c5e-ab46-abc7d2d7f6a8"}{"message":"Done.","opid":"9e19c277-35f3-467e-9ec5-e7e5ab8077bb"}{"message":"Done.","opid":"51767ffd-2b0e-456b-acc6-2781bb475dbc"}{"message":"Done.","opid":"f334d829-688a-4b17-8499-999a0bed5aba"}{"message":"Done.","opid":"82122d58-9cc0-48b7-ae49-ebd89d9feb31"}{"message":"Done.","opid":"621258a9-6e06-49a0-89d1-e284daf7a5c1"}{"message":"Done.","opid":"aefa4172-6c57-41cc-8fe9-dacb222dd7b9"}{"message":"Done.","opid":"fbf5264f-8bb7-47e6-af37-7aa1ee24bb63"}{"message":"Done.","opid":"ea773676-436e-4590-91f4-f4e7664a6731"}{"message":"Done.","opid":"abed6d5e-3bb4-4053-a7fa-a9c22246aec9"}{"message":"Done.","opid":"9e2355e6-d80a-4026-ac4e-488eb61a7c99"}{"message":"Done.","opid":"da039520-6a3a-4705-bf24-5853c7e6ee80"}{"message":"Done.","opid":"d9705124-4542-49c9-87bb-603800902d4f"}{"message":"Done.","opid":"f910f2c9-06e1-476b-ab21-c0b45316c9bf"}{"message":"Done.","opid":"3f5bdae6-bedb-4792-a304-171397c11868"}{"message":"Done.","opid":"f263bde7-7380-4be1-9062-dbcb47a7113b"}{"message":"Done.","opid":"0993b341-defc-4c03-ae49-43ae5a9183a6"}{"message":"Done.","opid":"40be00e4-8e04-4bca-a961-c5d4c2e66215"}{"message":"Done.","opid":"f61829e4-5d11-4150-9ee7-a0dba3a75f40"}{"message":"Done.","opid":"6509004d-7db4-4c8f-b092-6718437f5201"}{"message":"Done.","opid":"5e1544f7-e5a0-40c8-abcf-4579d4fadfa0"}{"message":"Done.","opid":"88b48a8b-f651-4901-af63-eac47a603578"}{"message":"Done.","opid":"52cb39f8-8cdc-4b08-8440-3ba54b8c1815"}{"message":"Done.","opid":"2af83411-5996-44a9-acbf-bcef92ac3e32"}{"message":"Done.","opid":"14ee25d0-26a7-4622-9b95-00e20670f42a"}{"message":"Done.","opid":"1f22b2e1-daa3-46be-9982-ab5d4a96ced7"}{"message":"Done.","opid":"eca36ae5-505a-4d51-a30c-fdd7681af19c"}{"message":"Done.","opid":"ea293a1f-bb92-4686-a0ab-91c97b164fc4"}{"message":"Done.","opid":"4ef6c70d-73e8-4685-820e-bf22e1117059"}{"message":"Done.","opid":"258efd34-04d5-4806-a2f6-209416303c6d"}{"message":"Done.","opid":"40f1c82d-b20e-497f-836e-efa1f48f95a3"}{"message":"Done.","opid":"4a524de0-f761-41ea-a0b5-b93bb98d6d17"}{"message":"Done.","opid":"b17e218c-7499-4e96-b083-0c1e5f9d2730"}{"message":"Done.","opid":"e8e20a5e-e284-4784-bf53-1c27f41beee3"}{"message":"Done.","opid":"f2b8fe61-02e2-4c11-ad8c-092e43103aa8"}{"message":"Done.","opid":"870c1c9a-55d4-4250-9afb-c4e35324a846"}{"message":"Done.","opid":"398fd873-bcfe-44d7-b681-f897b76a7951"}{"message":"Done.","opid":"ca68bd46-db27-45b7-bf89-b0d313459af6"}{"message":"Done.","opid":"c585a09c-3fae-4819-a128-378493978d78"}{"message":"Done.","opid":"853aa680-ace7-489c-9fde-03bb61481b78"}{"message":"Done.","opid":"6a6bdfe9-9939-4b3b-8657-e3699c8f322a"}{"message":"Done.","opid":"fc0c719b-8fda-44ae-947b-6440b9611717"}{"message":"Done.","opid":"6a96f0a0-e1cb-4cd5-8e20-bb021daaa963"}{"message":"Done.","opid":"867d82cc-8778-464f-b367-a8d65a8642bb"}{"message":"Done.","opid":"8a65f122-6796-410e-997b-6d7e31a506e6"}{"message":"Done.","opid":"3f2759e2-eb16-45fe-8a3f-5c5784bcfd08"}{"message":"Done.","opid":"dafb618f-2f8c-4035-b47d-b7da97015e78"}{"message":"Done.","opid":"27a8901a-0156-4838-a794-59e61a8cd579"}{"message":"Done.","opid":"b773e371-7ac7-4a11-b098-be21e045fc49"}{"message":"Done.","opid":"d4c406bb-7d93-4b8d-99d0-cedc754b6af7"}{"message":"Done.","opid":"08f0dfe4-656f-403b-9828-6bc55a2a94da"}{"message":"Done.","opid":"8101e122-b182-4362-9c77-de122c5429ae"}{"message":"Done.","opid":"c2811fd3-306b-4f79-8e7d-d818c4029d62"}{"message":"Done.","opid":"681a8289-7bfa-44e0-ba8e-1f2f2028bb21"}{"message":"Done.","opid":"19422b7c-0fb2-4005-bf2a-ac733c94b1a6"}{"message":"Done.","opid":"ca66e541-290f-41e6-b216-8ab00fa987f7"}{"message":"Done.","opid":"588f60f3-6cd7-4589-be91-207ff3c0a623"}{"message":"Done.","opid":"9d681f14-f49c-4cc7-81b1-413c2b23f66a"}{"message":"Done.","opid":"f4aa8860-f0c6-4081-ad6b-8321fa730a42"}{"message":"Done.","opid":"817141d3-de12-4c60-8ddb-052e09efc810"}{"message":"Done.","opid":"b8efa99e-7780-44d2-ba83-ea5e41ffa3d3"}{"message":"Done.","opid":"a0f87d7c-dc13-4f26-9459-4a6044850390"}{"message":"Done.","opid":"2fe37f28-65e0-4664-a43c-7253f6055c28"}{"message":"Done.","opid":"3c267438-1de8-434e-afbd-95b3e03513f5"}{"message":"Done.","opid":"2d1ec7b9-cc23-479e-8f2a-00e0e28e7925"}{"message":"Done.","opid":"46720e12-f937-465b-ac54-ed5e9bfdcde3"}{"message":"Done.","opid":"4e666bd8-f7ca-4ac3-91ac-6b5058405ecb"}{"message":"Done.","opid":"b9ebbfb2-0812-4c14-b492-ea00d18aeb08"}{"message":"Done.","opid":"dfad9a4c-11f9-4329-b5ee-a6c50205ec59"}{"message":"Done.","opid":"6c450368-7f9a-4446-b21a-4da09f8c6c7f"}{"message":"Done.","opid":"504c954a-127b-4769-b75b-d688b132c83f"}{"message":"Done.","opid":"117979ac-d370-478a-906f-be9b73a40adf"}{"message":"Done.","opid":"243d9e39-5e44-43ca-a51e-4a714b670ef8"}{"message":"Done.","opid":"3d941e03-9fa5-4250-87c1-6d27a9d55c3a"}{"message":"Done.","opid":"f39655d5-d0fd-4aa1-86f2-f7328aef7312"}{"message":"Done.","opid":"d6fbdd74-7abb-423e-aac3-9a3808f0ece7"}{"message":"Done.","opid":"e61cb987-c278-45c4-b850-1e09d78457fb"}{"message":"Done.","opid":"86c50216-d283-467c-a21b-b765fba2db6f"}{"message":"Done.","opid":"bf2ac357-9fca-46cb-a139-226a32df9ccb"}{"message":"Done.","opid":"9bd29ef1-88af-463b-a6e1-4b296133076b"}{"message":"Done.","opid":"bcd0544e-b4b8-4764-9b9d-edb0a73bb67d"}{"message":"Done.","opid":"fcbfeb73-98f8-4ca6-9543-9ad0fc7e5a60"}{"message":"Done.","opid":"b25a36a2-6675-4f32-a1f3-3436dee199d5"}{"message":"Done.","opid":"36975290-07a0-4284-84ed-228f87f2a18c"}{"message":"Done.","opid":"54f30e6c-953e-4191-852c-ff6aa5acfc30"}{"message":"Done.","opid":"eadee925-4e99-4849-b147-11be74ec2ca3"}{"message":"Done.","opid":"5a01a3e0-2aa9-49a3-967a-dc0c8eb67f28"}{"message":"Done.","opid":"9e3dffe5-27ce-453e-9862-4cbef8ffcbe3"}{"message":"Done.","opid":"b275bbd9-4825-45fd-98ef-87ca2746c1f1"}{"message":"Done.","opid":"0e7bb075-9106-48cf-9a55-e756dab00943"}{"message":"Done.","opid":"41c72696-20e2-4e76-b918-e45584b664e3"}{"message":"Done.","opid":"8f94a25a-ec4b-4a54-bdb7-2f3ee0c02e29"}{"message":"Done.","opid":"846fac0f-8cfe-4e35-87ee-0cab152af38e"}{"message":"Done.","opid":"99d6e182-b28d-4433-bb38-02ddbe5047e3"}{"message":"Done.","opid":"87d66619-1c00-4fea-87f4-73a161ece01e"}{"message":"Done.","opid":"b0facc8c-b846-4a39-8ae7-79fbf2868021"}{"message":"Done.","opid":"81a2e5d6-5d8d-4b74-9172-4c302969d747"}{"message":"Done.","opid":"49a5c408-7929-443b-a847-185ed16015e3"}{"message":"Done.","opid":"2b61e08d-84c1-459d-8a08-d88146fdf4ca"}{"message":"Done.","opid":"e46e8421-4b95-4a03-b019-15d0cc549281"}{"message":"Done.","opid":"6700ef03-3ca2-4b5e-b5d6-3a9107a77d59"}{"message":"Done.","opid":"57d336da-ef74-4eb8-aea1-b1a52bbdcadc"}{"message":"Done.","opid":"e0475091-a1b2-4d6f-8933-78f75fff782e"}{"message":"Done.","opid":"02b57b6b-cf1d-427d-af3d-f1848097adb7"}{"message":"Done.","opid":"7aebadce-cef9-4daf-9a95-45db2fe67ca6"}{"message":"Done.","opid":"36fb3f43-0573-46da-a10b-cbe91ccce27b"}{"message":"Done.","opid":"8dce6fbf-3665-489b-81b5-089e8a37ecf2"}{"message":"Done.","opid":"08f59e6f-957a-415c-95c6-0f881f07a649"}{"message":"Done.","opid":"6aa3ba8d-103c-4a0b-a0ee-a04a58e20dd7"}{"message":"Done.","opid":"791edc97-8d25-43b5-971f-002fce5946b4"}{"message":"Done.","opid":"f00b3d05-914b-4d8f-be02-04a97f3fd4ed"}{"message":"Done.","opid":"c91b2475-8fd4-42bc-a538-ed5e67fc2f4b"}{"message":"Done.","opid":"23e5f512-f47c-429e-973f-85bce6f23c28"}{"message":"Done.","opid":"68632ff6-fd40-4a5c-8dcc-b7039a1a1c87"}{"message":"Done.","opid":"2287fa00-5411-41f6-9694-8a5d79727a3f"}{"message":"Done.","opid":"555b9d70-51b7-4f3a-ae5c-02a7e133bf12"}{"message":"Done.","opid":"c5875104-236c-4b05-bb31-85d64199ee1b"}{"message":"Done.","opid":"418eb65a-6a36-47cb-8759-e8f3b4624bd4"}{"message":"Done.","opid":"c4187dfd-4921-4980-9978-85069ecf18c8"}{"message":"Done.","opid":"e91cd1ba-6549-44fe-9e3e-e789404ba04a"}{"message":"Done.","opid":"ecd610c9-81ea-4e21-a3cf-5b278095d624"}{"message":"Done.","opid":"191f3e71-05c9-4b9b-bae0-b3feba93cfc3"}{"message":"Done.","opid":"91e740aa-e1c8-497e-8e2c-a37a6e765058"}{"message":"Done.","opid":"3f819dd5-1494-4762-982e-69e38356a485"}{"message":"Done.","opid":"7f88c0a6-3d0b-46a5-94c0-9b5458a08b11"}{"message":"Done.","opid":"20af19e5-c83c-41aa-a908-ff70a770c719"}{"message":"Done.","opid":"ced5d413-54fc-4633-84c6-8a9e584c5215"}{"message":"Done.","opid":"9e5560b7-b6d0-444e-b16f-1c4f5c140420"}{"message":"Done.","opid":"334a80cf-6438-4802-9cd7-970cb354055e"}{"message":"Done.","opid":"f6d6d92f-9c81-4a6b-a5fa-a6e536189537"}{"message":"Done.","opid":"af628999-3885-4eeb-ac6a-5164dd9c0d4d"}{"message":"Done.","opid":"88ae01dc-99c8-4544-9135-ba0c9db09b50"}{"message":"Done.","opid":"f8a52770-9735-4eb5-b613-90c90988ce48"}{"message":"Done.","opid":"aab5757a-3994-46fa-b5ef-f16d4291c3d0"}{"message":"Done.","opid":"dcff7f27-2cef-462c-ba79-4f77d6f6f45d"}{"message":"Done.","opid":"0713268c-9eee-4f19-9d09-d22c34639fab"}{"message":"Done.","opid":"b1f2c9c0-499d-4f80-8a2b-0df003f7d769"}{"message":"Done.","opid":"fbd3e292-4416-4228-a522-42f355459c8d"}{"message":"Done.","opid":"7a429c33-e431-4ac3-a4ba-1293c30fa95a"}{"message":"Done.","opid":"f279c4fc-89b0-4da5-95b8-6fac94cf2859"}{"message":"Done.","opid":"9d1a6389-baa3-4dd8-99ca-1bca10b0d73c"}{"message":"Done.","opid":"eb58981f-3668-47b2-ae77-3f69b8e294a4"}{"message":"Done.","opid":"17be1b61-f0b3-452d-8b48-a786673acff7"}{"message":"Done.","opid":"22663f3e-352e-4955-87a8-e1fc70e34798"}{"message":"Done.","opid":"d5ff71a5-7dbc-4563-b9f9-8777a365b4af"}{"message":"Done.","opid":"fa85a6e5-3bc2-4f89-910a-ef0c2b13c6c1"}{"message":"Done.","opid":"f1a794e1-79a4-433e-9ba9-f68bad1c3ba7"}{"message":"Done.","opid":"991c9264-c47f-4288-b784-4307965c4579"}{"message":"Done.","opid":"a0081d62-b227-4acb-8737-414735953188"}{"message":"Done.","opid":"eb130818-2875-41a4-be3a-20edb36ab694"}{"message":"Done.","opid":"da043dec-d481-4b28-a280-990da0c95445"}{"message":"Done.","opid":"9b316e31-4a5b-4859-a7c3-4a8179d2f342"}{"message":"Done.","opid":"702f81f7-9d47-4518-8581-209a9faa3b46"}{"message":"Done.","opid":"564048ab-a760-4964-9d02-81a7b07912c5"}{"message":"Done.","opid":"f0554ad0-4c03-4193-9466-876340cda8bb"}{"message":"Done.","opid":"8f12020e-10d5-49b9-a33b-7e87b97b8f47"}{"message":"Done.","opid":"27d580c2-92c0-4157-86e6-5a87233c5678"}{"message":"Done.","opid":"b5a76e7d-5b39-4f63-b1d6-60a89c1e6d81"}{"message":"Done.","opid":"107ad476-f454-438f-ac2a-62fc6375d484"}{"message":"Done.","opid":"e8793c87-8b81-4604-a5c8-99cf3d91800b"}{"message":"Done.","opid":"61d472b4-19f7-4df8-8db7-f2a48075872a"}{"message":"Done.","opid":"d8d58ffb-e2d8-4f5d-937b-f9224af078be"}{"message":"Done.","opid":"18245fe6-8396-42e1-b11b-1cdfa90d31dd"}{"message":"Done.","opid":"d7c7b6a2-de79-4502-a57f-9e03539bac46"}{"message":"Done.","opid":"f5260142-61b8-4bd3-872b-154fc4108119"}{"message":"Done.","opid":"c6de36c2-6737-4dfb-b2be-eae5bed2469f"}{"message":"Done.","opid":"6321aee5-4825-43be-abe7-13484c977d5f"}{"message":"Done.","opid":"2c1d5486-f2b1-4538-9fd1-8937e7ed2a91"}{"message":"Done.","opid":"948bcd2e-0a90-445b-b9a7-191d52f1d62e"}{"message":"Done.","opid":"9d551e98-aebc-447d-8bf4-5df31b2834e5"}{"message":"Done.","opid":"415d22c2-0d3d-4fe2-ba2d-8877d1935593"}{"message":"Done.","opid":"6a9d6d8a-53c6-4aa6-94c5-4def1014f0b7"}{"message":"Done.","opid":"4a9163db-3e04-47ab-8adc-79ff92a6a37f"}{"message":"Done.","opid":"8535fbb2-d15d-4500-ac2d-0e2543326d4c"}{"message":"Done.","opid":"b3fe7cb7-0ecc-4d70-8ec2-4e3329157166"}{"message":"Done.","opid":"6d8008d8-3c80-4fe4-b2a0-066a92d2df46"}{"message":"Done.","opid":"19f34c24-ae51-42d9-8f59-b9921545a7d5"}{"message":"Done.","opid":"68bbf79f-a936-4405-9a7f-f0618ecccda2"}{"message":"Done.","opid":"debe0000-f4a2-41f2-8e69-032f972c0d60"}{"message":"Done.","opid":"43603a17-e4a6-4528-9c63-d8ba7df05834"}{"message":"Done.","opid":"59d0e0f1-0ec0-48c4-a348-1844ea6433ad"}{"message":"Done.","opid":"705d8e8e-f04e-43ae-a4b2-a95ca29a5ad2"}Elapsed call time is 40531(ms)
~/watchtower-experiments/scaling/app ~/watchtower-experiments/scaling/scripts
Serverless: Getting all objects in S3 bucket...
Serverless: Removing objects in S3 bucket...
Serverless: Removing Stack...
Serverless: Checking Stack removal progress...
CloudFormation - DELETE_IN_PROGRESS - AWS::CloudFormation::Stack - wt-full-flow-test
CloudFormation - DELETE_IN_PROGRESS - AWS::Lambda::Permission - HelloLambdaPermissionApiGateway
CloudFormation - DELETE_IN_PROGRESS - AWS::Lambda::EventSourceMapping - WatchtowerDashingestionEventSourceMappingKinesisEventsStream
CloudFormation - DELETE_IN_PROGRESS - AWS::Lambda::EventSourceMapping - WtDashmonitorDashtriggerEventSourceMappingKinesisInvocationStream
CloudFormation - DELETE_SKIPPED - AWS::Lambda::Version - WatchtowerDashingestionLambdaVersionyNcANc1pwWlZbXruZawEVZHd1ekuabduLhVWZTZvy4
CloudFormation - DELETE_SKIPPED - AWS::Lambda::Version - WtDashmonitorDashtriggerLambdaVersionNjPGRniXcCqclj6x77qlJnKghawKJjLC33Ojw8GvU
CloudFormation - DELETE_IN_PROGRESS - AWS::ApiGateway::Deployment - ApiGatewayDeployment1590100375371
CloudFormation - DELETE_SKIPPED - AWS::Lambda::Version - WatchtowerDashmonitorLambdaVersionY7CDsyizFo8sCHWsZiohKWidHmOQJ0lIdS5tpuLbM
CloudFormation - DELETE_IN_PROGRESS - AWS::S3::BucketPolicy - ServerlessDeploymentBucketPolicy
CloudFormation - DELETE_SKIPPED - AWS::Lambda::Version - HelloLambdaVersiont0FiEo3eMjB5sfjy5tpd15bDJv77jfWHnZAdx6ubk
CloudFormation - DELETE_COMPLETE - AWS::ApiGateway::Deployment - ApiGatewayDeployment1590100375371
CloudFormation - DELETE_COMPLETE - AWS::Lambda::EventSourceMapping - WatchtowerDashingestionEventSourceMappingKinesisEventsStream
CloudFormation - DELETE_COMPLETE - AWS::Lambda::EventSourceMapping - WtDashmonitorDashtriggerEventSourceMappingKinesisInvocationStream
CloudFormation - DELETE_COMPLETE - AWS::S3::BucketPolicy - ServerlessDeploymentBucketPolicy
CloudFormation - DELETE_IN_PROGRESS - AWS::Lambda::Function - WtDashmonitorDashtriggerLambdaFunction
CloudFormation - DELETE_IN_PROGRESS - AWS::Lambda::Function - WatchtowerDashingestionLambdaFunction
CloudFormation - DELETE_IN_PROGRESS - AWS::ApiGateway::Method - ApiGatewayMethodMicrobmarkGet
CloudFormation - DELETE_COMPLETE - AWS::ApiGateway::Method - ApiGatewayMethodMicrobmarkGet
CloudFormation - DELETE_COMPLETE - AWS::Lambda::Function - WtDashmonitorDashtriggerLambdaFunction
CloudFormation - DELETE_COMPLETE - AWS::Lambda::Function - WatchtowerDashingestionLambdaFunction
CloudFormation - DELETE_IN_PROGRESS - AWS::ApiGateway::Resource - ApiGatewayResourceMicrobmark
CloudFormation - DELETE_IN_PROGRESS - AWS::Logs::LogGroup - WtDashmonitorDashtriggerLogGroup
CloudFormation - DELETE_IN_PROGRESS - AWS::IAM::Role - StateMachineListExec
CloudFormation - DELETE_IN_PROGRESS - AWS::IAM::Role - EventWriterRole
CloudFormation - DELETE_IN_PROGRESS - AWS::Logs::LogGroup - WatchtowerDashingestionLogGroup
CloudFormation - DELETE_COMPLETE - AWS::ApiGateway::Resource - ApiGatewayResourceMicrobmark
CloudFormation - DELETE_COMPLETE - AWS::Logs::LogGroup - WtDashmonitorDashtriggerLogGroup
CloudFormation - DELETE_COMPLETE - AWS::Logs::LogGroup - WatchtowerDashingestionLogGroup
CloudFormation - DELETE_COMPLETE - AWS::IAM::Role - StateMachineListExec
CloudFormation - DELETE_COMPLETE - AWS::IAM::Role - EventWriterRole
CloudFormation - DELETE_IN_PROGRESS - AWS::StepFunctions::StateMachine - WtCheckerMachine
CloudFormation - DELETE_COMPLETE - AWS::StepFunctions::StateMachine - WtCheckerMachine
CloudFormation - DELETE_IN_PROGRESS - AWS::IAM::Role - WtCheckerMachineRole
CloudFormation - DELETE_COMPLETE - AWS::IAM::Role - WtCheckerMachineRole
CloudFormation - DELETE_COMPLETE - AWS::Lambda::Permission - HelloLambdaPermissionApiGateway
CloudFormation - DELETE_IN_PROGRESS - AWS::Lambda::Function - WatchtowerDashmonitorLambdaFunction
CloudFormation - DELETE_IN_PROGRESS - AWS::ApiGateway::RestApi - ApiGatewayRestApi
CloudFormation - DELETE_IN_PROGRESS - AWS::Lambda::Function - HelloLambdaFunction
CloudFormation - DELETE_COMPLETE - AWS::Lambda::Function - WatchtowerDashmonitorLambdaFunction
CloudFormation - DELETE_COMPLETE - AWS::ApiGateway::RestApi - ApiGatewayRestApi
CloudFormation - DELETE_COMPLETE - AWS::Lambda::Function - HelloLambdaFunction
CloudFormation - DELETE_IN_PROGRESS - AWS::Logs::LogGroup - WatchtowerDashmonitorLogGroup
CloudFormation - DELETE_IN_PROGRESS - AWS::DynamoDB::Table - CheckpointsTable
CloudFormation - DELETE_IN_PROGRESS - AWS::IAM::Role - EventReaderRole
CloudFormation - DELETE_IN_PROGRESS - AWS::Logs::LogGroup - HelloLogGroup
CloudFormation - DELETE_IN_PROGRESS - AWS::S3::Bucket - ServerlessDeploymentBucket
CloudFormation - DELETE_IN_PROGRESS - AWS::IAM::Role - IamRoleLambdaExecution
CloudFormation - DELETE_COMPLETE - AWS::Logs::LogGroup - WatchtowerDashmonitorLogGroup
CloudFormation - DELETE_COMPLETE - AWS::Logs::LogGroup - HelloLogGroup
CloudFormation - DELETE_COMPLETE - AWS::S3::Bucket - ServerlessDeploymentBucket
CloudFormation - DELETE_COMPLETE - AWS::IAM::Role - IamRoleLambdaExecution
CloudFormation - DELETE_COMPLETE - AWS::IAM::Role - EventReaderRole
CloudFormation - DELETE_IN_PROGRESS - AWS::Kinesis::Stream - EventsStream
CloudFormation - DELETE_IN_PROGRESS - AWS::Kinesis::Stream - InvocationStream
CloudFormation - DELETE_IN_PROGRESS - AWS::DynamoDB::Table - EventsTable
CloudFormation - DELETE_COMPLETE - AWS::DynamoDB::Table - CheckpointsTable
Serverless: Stack removal finished...
~/watchtower-experiments/scaling/scripts
