nohup: ignoring input
~/watchtower-experiments/scaling/app ~/watchtower-experiments/scaling/scripts
Serverless: Packaging service...
Serverless: Excluding development dependencies...
Serverless: Creating Stack...
Serverless: Checking Stack create progress...
........
Serverless: Stack create finished...
Serverless: Uploading CloudFormation file to S3...
Serverless: Uploading artifacts...
Serverless: Uploading service wt-full-flow.zip file to S3 (865.41 KB)...
Serverless: Validating template...
Serverless: Updating Stack...
Serverless: Checking Stack update progress...
.............................................................................................
Serverless: Stack update finished...
Service Information
service: wt-full-flow
stage: test
region: eu-west-1
stack: wt-full-flow-test
resources: 31
api keys:
  None
endpoints:
  GET - https://g97ki123ad.execute-api.eu-west-1.amazonaws.com/test/microbmark
functions:
  hello: wt-full-flow-test-hello
  watchtower-ingestion: wt-full-flow-test-watchtower-ingestion
  watchtower-monitor: wt-full-flow-test-watchtower-monitor
  wt-monitor-trigger: wt-full-flow-test-wt-monitor-trigger
layers:
  None
Serverless: Run the "serverless" command to setup monitoring, troubleshooting and testing.
~/watchtower-experiments/scaling/scripts
Calling function at url: https://g97ki123ad.execute-api.eu-west-1.amazonaws.com/test/microbmark
Calling function at url: https://g97ki123ad.execute-api.eu-west-1.amazonaws.com/test/microbmark
Calling function at url: https://g97ki123ad.execute-api.eu-west-1.amazonaws.com/test/microbmark
Calling function at url: https://g97ki123ad.execute-api.eu-west-1.amazonaws.com/test/microbmark
Calling function at url: https://g97ki123ad.execute-api.eu-west-1.amazonaws.com/test/microbmark
Calling function at url: https://g97ki123ad.execute-api.eu-west-1.amazonaws.com/test/microbmark
{"message":"Done.","opid":"8b1a8980-e14a-4dad-abdb-44ff013ebbd3"}{"message":"Done.","opid":"9ed018bb-209a-406c-9ebd-b884acacc5ae"}{"message":"Done.","opid":"81e3fd27-09eb-47c8-9a60-c17b6e284ea2"}{"message":"Done.","opid":"621da834-b167-45a8-b4e7-b7e6e4c9900b"}{"message":"Done.","opid":"a4ddeece-81f3-4ca5-ae89-1021876af4d3"}{"message":"Done.","opid":"d7ff2752-6aa9-4d57-b0c6-07003c7be5cc"}{"message":"Done.","opid":"0ba9a1f3-7588-42f1-a905-79cd36b3274e"}{"message":"Done.","opid":"f89103f6-559b-4d94-9116-ca16dbf26703"}{"message":"Done.","opid":"ef22d0fb-cbc1-46f2-bfdc-bec79c551fcb"}{"message":"Done.","opid":"f9f5806a-49fc-4bce-8f75-ea317295d073"}{"message":"Done.","opid":"c32b655d-a89a-4f4c-87c7-e6db2db8dc61"}{"message":"Done.","opid":"c784267e-c106-4876-abf6-dea3f733b953"}{"message":"Done.","opid":"be88fa4b-f78b-4ad7-bcd1-fe0e10fe204f"}{"message":"Done.","opid":"464ec94e-ed4c-4d71-b486-e115f09dd218"}{"message":"Done.","opid":"83e0e264-8d5c-4b37-a429-0f4e41ef1115"}{"message":"Done.","opid":"e154131e-f7d1-454b-a335-139f20d31559"}{"message":"Done.","opid":"018e7267-05a5-4da4-979e-39453a9f36f1"}{"message":"Done.","opid":"52bab49a-630c-4a94-8f53-2131b5b6f7d1"}{"message":"Done.","opid":"52805c38-510a-42fd-8f94-1f5be06ee5c2"}{"message":"Done.","opid":"c0a064e7-a946-482d-8d91-5d8f475cc427"}{"message":"Done.","opid":"1609d943-043e-479d-a18d-6c097437f45b"}{"message":"Done.","opid":"e906edf8-1ce2-470b-bd0f-f8fb04901b11"}{"message":"Done.","opid":"16611bef-f213-4c87-aac5-f32eea72df8b"}{"message":"Done.","opid":"75c1fa21-732c-404d-8cdc-03e92020b60b"}{"message":"Done.","opid":"c3806407-a52f-4ee3-a5d7-7939d6d2573f"}{"message":"Done.","opid":"44aa6802-14c4-4a1b-9ae1-3be85ea3aba9"}{"message":"Done.","opid":"58d510de-4750-4175-b1e5-3b067893cb45"}{"message":"Done.","opid":"2de72caf-9246-461c-bb66-bd352ad7f1da"}{"message":"Done.","opid":"39b9dcf5-58a0-4b71-8d37-4d3d624184c5"}{"message":"Done.","opid":"de052228-47b0-41e9-b461-2ad70cfffa0f"}{"message":"Done.","opid":"4d9776b8-d669-4a2d-9d97-873ca38213c0"}{"message":"Done.","opid":"53a2984b-a8ee-452c-8252-9e31dce53712"}{"message":"Done.","opid":"6b69f420-f99a-4d51-ab19-2ec0195fdd0f"}{"message":"Done.","opid":"9c037caf-92f1-4b01-b76f-964b0f464ac7"}{"message":"Done.","opid":"780625ea-46f5-4567-b4f9-248b5ad9d259"}{"message":"Done.","opid":"734abcb7-c914-4a05-9fa9-21ae3b4f719a"}{"message":"Done.","opid":"e5b23e63-bc6d-446c-81b8-c1229460f9df"}{"message":"Done.","opid":"c73685f2-b2af-482b-aadb-c5433a57d820"}{"message":"Done.","opid":"df378d80-f278-4af1-a3cd-6a826252fb1a"}{"message":"Done.","opid":"3885cafd-5c2c-45a6-b6d9-dda84b485c1e"}{"message":"Done.","opid":"94862ae2-263d-462a-82c7-b22cbae7ca63"}{"message":"Done.","opid":"c9c4da77-cb61-4e43-967e-67d0956105c7"}{"message":"Done.","opid":"112bc0d4-2836-48f8-8fdc-bb7093e26c80"}{"message":"Done.","opid":"d5159a81-ae34-4aed-bdfe-30785dda78f4"}{"message":"Done.","opid":"f02fa2fa-7435-4977-9bc2-da9ed2f206a7"}{"message":"Done.","opid":"1363aeed-a9cf-4ae5-ae0a-71f841860560"}{"message":"Done.","opid":"ed7f351f-e53d-4676-94a0-132178603a47"}{"message":"Done.","opid":"80aa81cf-f214-44f9-9742-1d0986d4b4b7"}{"message":"Done.","opid":"77e0e497-3739-46b6-930c-2ddd57b6a01c"}{"message":"Done.","opid":"28b5df3e-c860-445c-92df-5da065d36ef3"}{"message":"Done.","opid":"53d9a546-fbd8-4702-801d-69fea512cb24"}{"message":"Done.","opid":"40a5e0cf-795a-4a4a-8e85-23eab79fa13a"}{"message":"Done.","opid":"79020fc9-de73-4ce7-b2d3-586965916717"}{"message":"Done.","opid":"81e98b3b-1032-4e35-ae24-601992cd264a"}{"message":"Done.","opid":"d08c8a5f-bac9-4c81-a9a3-c71b46ce8388"}{"message":"Done.","opid":"643ba1d3-3a01-4eeb-882c-2ee6a2d39dd3"}{"message":"Done.","opid":"6eb9ea01-7b19-4d8f-846f-66eed1aaf631"}{"message":"Done.","opid":"9bc19f53-7fad-4ed4-b85a-5879ab8c73f8"}{"message":"Done.","opid":"2a8cb04c-c0e4-40ef-b548-281a81bb985a"}{"message":"Done.","opid":"3c03a22c-b08f-494f-bf35-b0dfd053bd15"}{"message":"Done.","opid":"9bd790f4-dc3a-4d97-979e-4695c255c0b6"}{"message":"Done.","opid":"5b3e9a2e-9412-4deb-9dc4-2937cd26e112"}{"message":"Done.","opid":"3db3de81-f100-45a0-8609-e932656afdae"}{"message":"Done.","opid":"389af782-74fe-4c27-b6a0-9915283cf6e1"}{"message":"Done.","opid":"1c242c98-fbfc-48ba-a9bb-1e1378195fd5"}{"message":"Done.","opid":"5fb24114-0ca2-46b4-83b3-71951409e69d"}{"message":"Done.","opid":"c5cc200f-9aa2-4c55-aab0-6ad221d17ee6"}{"message":"Done.","opid":"0f2bcdd6-fbd9-46d9-bb9c-53ab8b7a1854"}{"message":"Done.","opid":"5d778827-c4a0-437a-9e83-56786478fe86"}{"message":"Done.","opid":"9104aea2-3a17-4bf4-9281-0bb0fd13a0f2"}{"message":"Done.","opid":"3fe95e7a-faaf-4fab-a359-28e81a6042e5"}{"message":"Done.","opid":"628a2a37-c160-4ef7-a4f1-ca4c5e2cd462"}{"message":"Done.","opid":"3ef21c83-11d3-4a7a-88da-9817d108c11a"}{"message":"Done.","opid":"d3e74668-5e68-465a-8725-f5cc39b9789e"}{"message":"Done.","opid":"4df907f6-136b-4915-9269-ae5a157e43b2"}{"message":"Done.","opid":"e1a70928-70ff-4287-ab8d-96c86a00bfe9"}{"message":"Done.","opid":"4d282fa3-42fa-4eec-a6e4-1bc971e175b1"}{"message":"Done.","opid":"c6e95d33-280d-4da1-a12f-7d57ea515715"}{"message":"Done.","opid":"ef1eacda-fc78-4964-8e97-ce1bec06f5e6"}{"message":"Done.","opid":"2d9e3715-e0ba-4dbc-a682-54f32de60f9b"}{"message":"Done.","opid":"77b69979-0ffb-4def-8a02-582daf5074ad"}{"message":"Done.","opid":"cd102cf6-e633-47b7-99e6-5c6227b08c52"}{"message":"Done.","opid":"4175549b-e2c4-473c-a10d-6eba1215da16"}{"message":"Done.","opid":"e298f004-98a2-4d0b-b055-b460d2ddfd60"}{"message":"Done.","opid":"0ca7064b-fc23-4f44-8b6a-6b8f1a2114c7"}{"message":"Done.","opid":"a737cc86-3b2c-4718-ae48-02ef45f95eed"}{"message":"Done.","opid":"052442b6-26e3-4e5c-a00f-3f9cbaf7b5df"}{"message":"Done.","opid":"1fb60cc3-b1d1-4720-9b9e-ef14a2d1036a"}{"message":"Done.","opid":"7a369d86-a2f4-4ba7-aa9a-aee11d21b069"}{"message":"Done.","opid":"3d9995c2-bff6-4b8e-8b00-e913931dcd02"}{"message":"Done.","opid":"2d1678ab-a06b-4980-b07c-83969b1839be"}{"message":"Done.","opid":"a4890836-bda1-451e-9f72-406f30b0103c"}{"message":"Done.","opid":"71045741-54f5-4e8c-9762-274abac20f3a"}{"message":"Done.","opid":"d7dafe46-2728-4b87-84b5-2022e24f6767"}{"message":"Done.","opid":"da0ece3b-647d-4216-a38a-098035e00f51"}{"message":"Done.","opid":"3946c626-58eb-4b05-9db3-12f23435bd00"}{"message":"Done.","opid":"710d4145-0392-49a6-ba44-c59fa0d70ad1"}{"message":"Done.","opid":"5ac06cc5-abf9-41d9-ba16-7864fccdbdef"}{"message":"Done.","opid":"a9072d3a-7e8e-483a-99ee-74d2ec570b0d"}{"message":"Done.","opid":"d20e8493-85b9-4a8a-b116-eaab499e5748"}{"message":"Done.","opid":"56e24025-e237-4650-b98f-4c2e5e4562ea"}{"message":"Done.","opid":"2b5e86b7-273e-46f9-bbb2-b5f19c1a1fad"}{"message":"Done.","opid":"e5386d7d-ad71-4873-a068-53ad8589421a"}{"message":"Done.","opid":"d1d3dff1-a2ea-4e08-812f-63d9d15b4b06"}{"message":"Done.","opid":"1a3f9d79-9835-490d-99c8-93b29a9b6bce"}{"message":"Done.","opid":"47917944-818d-46ff-9930-cbac4273fdc9"}{"message":"Done.","opid":"38ee40c6-6f07-4bd0-94d1-627508fd923f"}{"message":"Done.","opid":"05582c4d-86a5-4fbc-a91a-7a7cc36d8158"}{"message":"Done.","opid":"cad176c7-f327-4ee0-a527-62f1ee54878c"}{"message":"Done.","opid":"1c9ef255-5767-45d6-84fe-ebc6830cd9f6"}{"message":"Done.","opid":"a31913ee-63c0-47af-b731-31b2cbdb5118"}{"message":"Done.","opid":"04f6cda2-7e19-4f3f-a6fb-6e45568bc0ed"}{"message":"Done.","opid":"ca031c8d-8580-499c-9bc1-627e1ab38ba5"}{"message":"Done.","opid":"72de15d3-5380-461c-adf8-476f95cf0f77"}{"message":"Done.","opid":"80d6147e-fd84-45b0-9a48-e1399ae08061"}{"message":"Done.","opid":"862ad9ab-9617-4ed4-b2c4-a3a030b42bed"}{"message":"Done.","opid":"aeaa90b2-8d88-4589-9435-d727bdc9d8a7"}{"message":"Done.","opid":"30e43c38-f107-4c11-bd10-076b402286e0"}{"message":"Done.","opid":"3f0d2ad1-2dc7-473b-82c0-2572d816e7a3"}{"message":"Done.","opid":"803108a8-618e-4d2f-957d-0e57fdfaa7f1"}{"message":"Done.","opid":"d3a11d96-4c5c-46f0-a92a-196b05f47a70"}{"message":"Done.","opid":"cb260113-a695-4736-a9a7-4fe45812b77a"}{"message":"Done.","opid":"e36d39c4-debf-4107-a92f-3d2685cb2336"}{"message":"Done.","opid":"4b33c280-3a38-4daf-86d0-26be196a1224"}{"message":"Done.","opid":"e4d66fe0-89ba-421a-808b-49fc5f078f2e"}{"message":"Done.","opid":"17ca67c5-b2ff-4a87-9560-419f927cd0cd"}{"message":"Done.","opid":"40960e6e-2dd1-46dc-8215-43c28a1c2c04"}{"message":"Done.","opid":"54b05653-7bf3-4571-960c-91f4e94f7dd4"}{"message":"Done.","opid":"d82ba55f-14f9-4d34-b2a6-adbb51ef7d2d"}{"message":"Done.","opid":"15ddce07-5169-4462-b8b0-7ce0471c8ae3"}{"message":"Done.","opid":"b5c83694-265e-45a6-bdff-89956f8151bb"}{"message":"Done.","opid":"b2cde1cb-73fc-46a2-a269-4367b5e64a7a"}{"message":"Done.","opid":"03abed13-82ea-46da-b96c-0871cdf9bf2e"}{"message":"Done.","opid":"6b734d9d-f694-407e-bb65-1818f8fd3c25"}{"message":"Done.","opid":"47a79a59-29ff-4ea0-80b6-c696020623e5"}{"message":"Done.","opid":"0a1a6985-8fa5-49b7-9b84-af23f156b9fc"}{"message":"Done.","opid":"8de1ff7f-715c-46ca-97bf-4d88a8f6a799"}{"message":"Done.","opid":"1ac2e4e1-4ea5-4a32-8cb9-9d93b9f17721"}{"message":"Done.","opid":"a0e9f037-5852-49dd-894d-b8360db6cf5a"}{"message":"Done.","opid":"d9db1583-8e6c-45c4-a948-50f90782c5e4"}{"message":"Done.","opid":"411d413b-6c13-4080-ab85-92d2f92369bd"}{"message":"Done.","opid":"1373ff54-4069-4531-9cb3-b13e57ffe489"}{"message":"Done.","opid":"ba401017-436f-4e87-b0c2-f7398084119f"}{"message":"Done.","opid":"dd12fdfd-f1ad-48a4-8dbc-0f6c88403a9c"}{"message":"Done.","opid":"5a4ed39d-0ccd-41cc-a8af-1b7d79a0055a"}{"message":"Done.","opid":"36c81f80-f63f-4197-a347-4077ab0bcd79"}{"message":"Done.","opid":"93f25c43-9ebc-4aab-bf2b-e40e3a8f0699"}{"message":"Done.","opid":"0378091d-5cb6-42e4-bcdb-38516e854e83"}{"message":"Done.","opid":"0b329a71-e721-4b34-9565-7ace228fd9e0"}{"message":"Done.","opid":"b4a9a6df-2517-4881-b972-7d5e890b905a"}{"message":"Done.","opid":"20a5f15a-0771-47a0-89dd-3072ec2196ca"}{"message":"Done.","opid":"2f7fb5db-875b-41c6-9b7a-8906fdae3fb9"}{"message":"Done.","opid":"29b701b3-62cd-4135-81a1-393bead74bbb"}{"message":"Done.","opid":"2e71e270-853a-480d-a3d1-86f40ba2172f"}{"message":"Done.","opid":"5717c06c-fd71-4585-b580-630b526f508f"}{"message":"Done.","opid":"4f2c94f0-2b6c-4e85-a605-a8f304004ed7"}{"message":"Done.","opid":"5d9664fd-41b8-4cb6-a6b7-4b76fbfd0f97"}{"message":"Done.","opid":"a93e22bc-e567-4c25-b9e0-c3dfe2ee26fe"}{"message":"Done.","opid":"468b1964-771f-437e-98e7-e1790308a3c8"}{"message":"Done.","opid":"4bbf2607-f37b-440f-8243-e487a496fe81"}{"message":"Done.","opid":"128bf193-dbc5-4857-b224-eb8125866995"}{"message":"Done.","opid":"c136492e-9955-4978-8195-b16cd753a4b7"}{"message":"Done.","opid":"22b2c8bf-7de3-474d-abd4-1044ea1c76fb"}{"message":"Done.","opid":"d8edced4-9a70-4f2b-bc25-b36375599bea"}{"message":"Done.","opid":"9b7235af-e0b3-454f-94e2-5668b96d1998"}{"message":"Done.","opid":"4122964a-63c4-4439-8d49-89c146c05103"}{"message":"Done.","opid":"0c9cd6ea-a046-476d-aec0-8b14c03b21be"}{"message":"Done.","opid":"abf919e1-47c9-486a-be0f-5e9431faca74"}{"message":"Done.","opid":"a6d7e584-1fec-4bbb-a72b-2371bf3c7382"}{"message":"Done.","opid":"a850b18c-2615-4bc9-a664-edd6763bd29e"}{"message":"Done.","opid":"b2cfa243-a53b-4d3d-8de0-e13fbb5157b1"}{"message":"Done.","opid":"90174a27-574f-4e7d-a2b0-96e2bd132d86"}{"message":"Done.","opid":"8dff9e2e-8acb-4ff4-8588-8527b4c87f5f"}{"message":"Done.","opid":"6210a4b0-2173-4bc2-80cb-6e4b25558288"}{"message":"Done.","opid":"2a2a7088-dfcf-43f7-9dba-488eaf70eb8c"}{"message":"Done.","opid":"1b0ce9ff-1b03-44a3-8bf9-59d76b590a35"}{"message":"Done.","opid":"6633491f-acbf-47a1-8b63-b69ace751d97"}{"message":"Done.","opid":"913ef610-1b70-4e0a-83b8-57499953a948"}{"message":"Done.","opid":"533f1cb5-60e1-439b-aa0c-cdb2e7da1b0d"}{"message":"Done.","opid":"b9448eaa-4ca4-40e1-941f-6867075dee55"}{"message":"Done.","opid":"dc25ba09-8223-4568-ab46-e388c194d16c"}{"message":"Done.","opid":"4ac12bb4-6580-4d04-8a8b-e55895641624"}{"message":"Done.","opid":"c596fe01-dc54-4641-92de-d0ee2dbba53d"}{"message":"Done.","opid":"0c128a90-fb46-40fd-aaa5-8aadaafdb04b"}{"message":"Done.","opid":"75491627-40ad-48e4-a870-2ed782122b79"}{"message":"Done.","opid":"7ae30ea3-e85d-472f-840a-b2bec90c7340"}{"message":"Done.","opid":"f9aa1916-1b85-43d7-bd50-828009c747ae"}{"message":"Done.","opid":"da4b3c3a-7132-4ecf-9a47-62ddd9a6622a"}{"message":"Done.","opid":"2ddfa873-5398-4627-be79-fa777f87ebb8"}{"message":"Done.","opid":"7a21db77-f66a-4ac7-9226-de7b657dde26"}{"message":"Done.","opid":"5c752fbb-8daf-4fa5-83db-ce1c09ac999f"}{"message":"Done.","opid":"9a340466-587b-43a3-9fbf-1f47e247facd"}{"message":"Done.","opid":"cd537352-b741-4de6-9caa-f80a16f82917"}{"message":"Done.","opid":"c9251a5e-0681-4bc6-be53-3843d25acad0"}{"message":"Done.","opid":"417ddd09-633d-44ab-a90f-cf20a735778e"}{"message":"Done.","opid":"d75dd7c7-04bf-4dea-8f40-0dd00b77a991"}{"message":"Done.","opid":"852b622d-5fcb-4f07-8de5-53987bb67ec7"}{"message":"Done.","opid":"2945ba2f-3675-474c-ab99-d2b2f23812d3"}{"message":"Done.","opid":"f5ccf63b-2b1a-47c1-b4e7-43a95a50559a"}{"message":"Done.","opid":"a8fa1472-77e7-4cc6-8675-5bc42353f0f7"}{"message":"Done.","opid":"e97c5437-aa43-428f-95e5-438588f91df3"}{"message":"Done.","opid":"3b24beda-f3df-4711-aa55-2c02ca60c51a"}{"message":"Done.","opid":"2ef0b517-82d0-470d-b44f-87c2599f68e4"}{"message":"Done.","opid":"784ba44d-7a42-4958-b0fd-eb8fa6db262c"}{"message":"Done.","opid":"df1abfc3-f87d-495a-9ca1-67bdc7e58c3f"}{"message":"Done.","opid":"502b0d0e-ad74-4b97-b1c4-22e788fbfb8f"}{"message":"Done.","opid":"7ca17649-105b-4f90-ad2f-595d26e511a2"}{"message":"Done.","opid":"dfa323c3-549d-4f3e-bd17-cab3b99cf68f"}{"message":"Done.","opid":"21e6e386-73c2-4142-a97a-2c00a4bcd685"}{"message":"Done.","opid":"8a6bc9c2-8280-4841-9cc0-d2d88629176f"}{"message":"Done.","opid":"2d886372-718f-47bd-9439-5dc6bdb6bbed"}{"message":"Done.","opid":"3c4e2a76-ad8c-4a29-9429-7e30ccb499b9"}{"message":"Done.","opid":"78b5496e-c493-4a94-b7a4-e40d93c7e735"}{"message":"Done.","opid":"331067a7-74bb-4dc3-8ebd-568d29559807"}{"message":"Done.","opid":"3697e84d-f718-4b9d-a32f-4f5daa32d037"}{"message":"Done.","opid":"20bc8dc7-28e9-4e56-abcc-5eab4fcb3a9a"}{"message":"Done.","opid":"fde9c1b2-b3a5-4a4d-baa6-c7871b91cb0a"}{"message":"Done.","opid":"fa5aa3e0-7632-472a-8dfa-111335dcf89b"}{"message":"Done.","opid":"8bcdd3f1-4518-45b6-8161-09367c0cd27d"}{"message":"Done.","opid":"247cf3e9-49c1-4927-aac5-37978603b7a8"}{"message":"Done.","opid":"fda5b89b-a93c-458a-87cf-5e85e5fadd7b"}{"message":"Done.","opid":"dd52fefe-a246-4e2b-b8fb-1dbb88a421dc"}{"message":"Done.","opid":"3f7f54dc-2a07-4e71-90af-b8bf149933a7"}{"message":"Done.","opid":"1985dac0-b77e-412c-b7a7-6c06876212de"}{"message":"Done.","opid":"952a2621-acbe-4a25-ab7d-44199978dfce"}{"message":"Done.","opid":"1873167a-c4b5-4c7e-a81e-693c4f561c5d"}{"message":"Done.","opid":"b05a1e8e-d801-416b-84bd-e53b9758f031"}{"message":"Done.","opid":"cceadedb-9073-492f-9d90-d9389f4d1b88"}{"message":"Done.","opid":"dd55ab40-6d24-4b2f-9249-adf5c4f619b2"}{"message":"Done.","opid":"66821e13-c401-408b-9b71-1158e6687f1f"}{"message":"Done.","opid":"4e5ae681-f2e8-4fe1-bd8d-a8f313aa5d92"}{"message":"Done.","opid":"a224ca0f-a35d-40c6-b189-4f77d5706fc6"}{"message":"Done.","opid":"363804e1-9c34-476c-aa4f-bd53da24bb0b"}{"message":"Done.","opid":"33312790-cd89-4f0f-86e1-b5a1719bea4f"}{"message":"Done.","opid":"a77157b0-73d7-4c1e-bfa1-682122447844"}{"message":"Done.","opid":"db8af46b-04cf-41ac-9e71-122d3f16b0b9"}{"message":"Done.","opid":"2044be64-68ed-4fbc-8047-b176b3244f42"}{"message":"Done.","opid":"5539c1c9-fe8a-40f5-9a65-c08c1357cd0c"}{"message":"Done.","opid":"80e94a44-7b0e-4dd9-867b-affbf7d27be7"}{"message":"Done.","opid":"ff206b90-d33f-471e-acfe-954a2c05cc9c"}{"message":"Done.","opid":"ba4a272e-33bb-49c3-ae58-001451249de0"}{"message":"Done.","opid":"736ffe6e-376e-4995-85b5-1b08b8b462f7"}{"message":"Done.","opid":"87ef24b0-c0f2-42b9-a763-bb5fda295928"}{"message":"Done.","opid":"43ed08f0-06ab-4598-929e-5865118ee6ca"}{"message":"Done.","opid":"5831a9ee-5156-4aef-bf55-8a1a3f9dffb4"}{"message":"Done.","opid":"7615cb43-99d0-403e-a638-5db49106fd99"}{"message":"Done.","opid":"f87769fb-5560-4474-980f-d5764562b497"}{"message":"Done.","opid":"21f74511-f6c5-4c7e-87ae-e34bb1b9dddb"}{"message":"Done.","opid":"41a9d9b2-7192-499c-adff-8a3700b5e388"}{"message":"Done.","opid":"c5cf2447-f079-4392-98d6-184fd5db5733"}{"message":"Done.","opid":"6acb8d82-cfea-4090-b352-7b0d2939d4cf"}{"message":"Done.","opid":"2bfa1899-cf5a-40c2-ba63-222f557c61f8"}{"message":"Done.","opid":"54bda734-01e9-4412-8356-8a59eadacb82"}{"message":"Done.","opid":"7aa574c9-28a6-4a15-924f-01ce94338006"}{"message":"Done.","opid":"42f35727-42fa-43ce-a3e7-a4b291088246"}{"message":"Done.","opid":"841f2da8-00fd-49f8-9a23-2fe9151e7359"}{"message":"Done.","opid":"11ff8770-b92e-48a1-8555-07d0258faa6a"}{"message":"Done.","opid":"74062437-1e37-49a5-af58-25673a964380"}{"message":"Done.","opid":"ec734abb-6dd5-444b-8bc3-23ef94656ddc"}{"message":"Done.","opid":"1d34efd8-ca30-4347-8140-c9b74c684b8a"}{"message":"Done.","opid":"629d438d-4832-4330-ab0f-815a628a0491"}{"message":"Done.","opid":"6852fb43-b258-4cb8-a4a0-f068adcbe854"}{"message":"Done.","opid":"afc263c7-d0eb-449c-80b1-82e5189e31d6"}{"message":"Done.","opid":"33ca4703-cc66-4cc8-842a-13a44457269f"}{"message":"Done.","opid":"d8b6868a-4f57-459a-86ca-7030bcdafa2d"}{"message":"Done.","opid":"29c5bb2b-2b06-41ab-b634-086b81479681"}{"message":"Done.","opid":"edcd5854-a715-41be-b06b-152621672bb9"}{"message":"Done.","opid":"e2b6c9d8-8206-4566-89a2-11d2dff08445"}{"message":"Done.","opid":"cf468dd5-c68f-44f9-9a0f-8cf48dbb8ddb"}{"message":"Done.","opid":"1a03cf1e-6e02-4870-91b3-26bfca0bd513"}{"message":"Done.","opid":"78bb3210-74fa-4d20-9f0a-68719b4f8217"}{"message":"Done.","opid":"368e2fd6-212c-4a85-b249-91241fbca200"}{"message":"Done.","opid":"7f53b3c6-3d12-4b6d-b21b-26acb844f49e"}{"message":"Done.","opid":"69c480cf-7a45-487d-b93d-3657afa084f2"}{"message":"Done.","opid":"cc21c229-cd0c-4b4f-a4f0-3458e7412fe8"}{"message":"Done.","opid":"9a191468-3e12-477c-a2c1-f92d883f91df"}{"message":"Done.","opid":"bcad18c2-94b6-419a-8f45-1908be97e55b"}{"message":"Done.","opid":"c5988748-54c3-4378-a738-92ae63adc801"}{"message":"Done.","opid":"63c2b80e-5d83-49b8-b9d1-f85e349b2c18"}{"message":"Done.","opid":"bf89ee6a-1fbc-4fc7-b3b0-70f638c2fabb"}{"message":"Done.","opid":"4705b4ce-a582-4690-9c1f-6d0d685a2800"}{"message":"Done.","opid":"f95d1fc9-1700-4fdf-b894-22a4fc35209d"}{"message":"Done.","opid":"0e5b1d7a-7152-4901-8f66-2e241bad13ef"}{"message":"Done.","opid":"a51ac0da-93a2-4b77-afa3-55ae642bf698"}{"message":"Done.","opid":"f26076b8-a9a7-4292-b479-13fe7c257ca5"}{"message":"Done.","opid":"bfbaf6ea-648d-408e-8b36-5367f4aa5f93"}{"message":"Done.","opid":"a8e15b28-76e0-4bda-9930-5cf7b4db7b72"}{"message":"Done.","opid":"bf76aa52-c8be-4477-a2db-ad6de0500ef0"}{"message":"Done.","opid":"ff41f02c-e3ff-43bb-86f5-41c7e9f6f14f"}{"message":"Done.","opid":"599abd75-0f42-49cd-8cba-9d48060b2eae"}{"message":"Done.","opid":"01568835-e52a-474a-ab0a-d3596e78c3a9"}{"message":"Done.","opid":"d79c0e2c-e472-4162-b846-855f2e2689e0"}{"message":"Done.","opid":"3fb7f00b-d979-4472-9b8d-d5764c20e4aa"}{"message":"Done.","opid":"932bb86d-9d9b-4d9f-bf77-0ca0f4281183"}{"message":"Done.","opid":"a23f77c1-4de0-4d48-87f5-fb71f71cb5a7"}{"message":"Done.","opid":"22382ce4-bb0b-4d40-904f-d50d2df47707"}{"message":"Done.","opid":"9f4ff4db-1be0-4f7e-98a7-0e3867214741"}{"message":"Done.","opid":"6034f8c3-879b-47d7-8fd1-71ef93c5a10b"}{"message":"Done.","opid":"ffcaf775-83d8-4fdb-a7fb-99226adf2d05"}{"message":"Done.","opid":"537f0e31-a660-4f66-89f7-3d62f1709e8c"}{"message":"Done.","opid":"ff467cc7-d6ea-4ade-a3aa-5e65d1612e15"}{"message":"Done.","opid":"af05907e-5cb3-478f-9fb7-23a9e88b6c95"}{"message":"Done.","opid":"6fac4b24-fed0-475a-832b-11a64cffe5ce"}{"message":"Done.","opid":"35f691ad-a408-474c-89a9-644523a6ebe4"}{"message":"Done.","opid":"40c6e99e-e5b4-43b8-b32e-eb4f626aaa38"}{"message":"Done.","opid":"1012acbc-42f6-4472-bf03-efacd8d57720"}{"message":"Done.","opid":"a5cf217c-e70b-49a3-9212-87ea2498a35a"}{"message":"Done.","opid":"a4983cec-ff47-4830-9b30-e77410bf2ce8"}{"message":"Done.","opid":"9f687dc2-9e77-4dac-924f-1ffb7ae40015"}{"message":"Done.","opid":"668e4fe6-8a0b-463a-b216-fb2745a49fbf"}{"message":"Done.","opid":"6ee14bfc-e92a-458a-81c1-ebf272407661"}{"message":"Done.","opid":"961d5bf4-163e-4549-9b86-200a7b8ffce5"}{"message":"Done.","opid":"945b634d-5184-444a-9135-fb938d081f9c"}{"message":"Done.","opid":"ef2e5271-ab15-426a-a3bf-99ccd8b5b470"}{"message":"Done.","opid":"f92ad41f-9034-4fbd-b601-0eab93f407d1"}{"message":"Done.","opid":"a5ce3eac-7597-4974-8040-4f2caf3e6ba6"}{"message":"Done.","opid":"9b7b8de0-cdcd-4eed-a470-fe42b42ba2aa"}{"message":"Done.","opid":"d3abdb4a-9c62-499c-aa8d-b427312c2adb"}{"message":"Done.","opid":"9d8b45c5-4d91-4cab-8565-dcabe8614088"}{"message":"Done.","opid":"5e5e1a7d-bd96-4d56-b27e-7735cd430de9"}{"message":"Done.","opid":"10a442e6-d290-4de3-ae5c-1c0582729bef"}{"message":"Done.","opid":"8c6caab4-77c8-46c1-8e0d-32943723744b"}{"message":"Done.","opid":"8b8c2cc4-2148-4033-bbf4-44f9c0c77fa5"}{"message":"Done.","opid":"8fee03ee-c79c-475e-beab-b8e2ed3a9c5e"}{"message":"Done.","opid":"68a4caca-1043-4947-bf89-6722ce6f21a1"}{"message":"Done.","opid":"c74c0d96-1b32-4d66-a8df-26abfe370ce9"}{"message":"Done.","opid":"a201e428-cfa5-4f6b-bd4c-09cfa0f1fddd"}{"message":"Done.","opid":"a53ba472-cd72-4582-85d3-023a891978c1"}{"message":"Done.","opid":"a770a1ea-0a51-450a-9be4-c917b1aceea6"}{"message":"Done.","opid":"45dd520e-41ef-4d65-aa5e-31addb743e98"}{"message":"Done.","opid":"e6961c03-7ff8-459c-9440-78191ec7b2d1"}{"message":"Done.","opid":"49bb9012-f8d3-4223-836f-67b638eb1792"}{"message":"Done.","opid":"d0626099-b27b-4118-9edb-e6da55946a07"}{"message":"Done.","opid":"4ca8957d-ffe3-48f0-b171-22e4b0399fb5"}{"message":"Done.","opid":"319d0523-b4fa-464e-b21c-3011458d2433"}{"message":"Done.","opid":"7d6f91e4-2b2d-47c4-b6cd-0c1cfd9773b4"}{"message":"Done.","opid":"5e11e925-068c-48c7-9e46-7722cd289704"}{"message":"Done.","opid":"fc6f2d24-55a8-4e36-9f0f-511c2e216ea3"}{"message":"Done.","opid":"f5587231-2b5f-4bd6-a9ab-0105941bcef1"}{"message":"Done.","opid":"4717782f-5ae0-4e93-a3ee-7ed8c71cff64"}{"message":"Done.","opid":"3f2bc5b4-009d-4590-acfa-ac38a8ffb89f"}{"message":"Done.","opid":"53d5d10a-2801-48e7-8b41-6aae64225686"}{"message":"Done.","opid":"4405d03a-33bb-44c1-bb5e-afb3c00ab671"}{"message":"Done.","opid":"8050b2f2-1547-42f8-8853-be134240ba29"}{"message":"Done.","opid":"38e7e371-937d-4677-b72a-0ec713ddf6a9"}{"message":"Done.","opid":"9a0fcf1d-c854-4d27-a64a-7b1a80158b29"}{"message":"Done.","opid":"8a51eb83-2d61-402e-a050-78cb416529b7"}{"message":"Done.","opid":"2fbba236-8be9-43f5-82ca-482dab71c8b7"}{"message":"Done.","opid":"4a89b864-8942-4b71-9733-5d1ef00379ec"}{"message":"Done.","opid":"bcea21c6-1268-45b9-afb1-39945ebdfca9"}{"message":"Done.","opid":"d74b3e79-7b5f-46ff-843e-58ac0397cd11"}{"message":"Done.","opid":"398aceb4-4dc8-426f-9b8a-15a7049f6b54"}{"message":"Done.","opid":"aa17c33b-43a0-4ff4-9753-fba5926526eb"}{"message":"Done.","opid":"9cedd209-be2e-4745-b572-17f94c93eedb"}{"message":"Done.","opid":"af55cd1d-0925-4fc3-94f5-27295818943e"}Elapsed call time is 37671(ms)
{"message":"Done.","opid":"6ae88c5d-31d4-4b3a-956d-1235037de8fd"}{"message":"Done.","opid":"0d0777cb-6f8e-4d50-b7c2-e2e8a057bca3"}{"message":"Done.","opid":"7b69662f-91e3-4a26-9eb3-d4241e614843"}{"message":"Done.","opid":"0ca301a3-8a59-4a6b-90ed-f871d4f1c085"}{"message":"Done.","opid":"9912be2b-74e3-437e-bf99-c79bbf5ede4c"}~/watchtower-experiments/scaling/app ~/watchtower-experiments/scaling/scripts
Serverless: Getting all objects in S3 bucket...
Serverless: Removing objects in S3 bucket...
Serverless: Removing Stack...
Serverless: Checking Stack removal progress...
CloudFormation - DELETE_IN_PROGRESS - AWS::CloudFormation::Stack - wt-full-flow-test
CloudFormation - DELETE_IN_PROGRESS - AWS::S3::BucketPolicy - ServerlessDeploymentBucketPolicy
CloudFormation - DELETE_IN_PROGRESS - AWS::Lambda::Permission - HelloLambdaPermissionApiGateway
CloudFormation - DELETE_IN_PROGRESS - AWS::ApiGateway::Deployment - ApiGatewayDeployment1590300170848
CloudFormation - DELETE_SKIPPED - AWS::Lambda::Version - HelloLambdaVersion9O8T0DkiODPtZIKHKJAYrTY6pJIfvE5fFKmseueB0
CloudFormation - DELETE_IN_PROGRESS - AWS::Lambda::EventSourceMapping - WatchtowerDashingestionEventSourceMappingKinesisEventsStream
CloudFormation - DELETE_SKIPPED - AWS::Lambda::Version - WatchtowerDashingestionLambdaVersionc3Ru4xCYCzSmz29yOCmp9Nk1QnkMkhYVEDT94DQQXZ4
CloudFormation - DELETE_SKIPPED - AWS::Lambda::Version - WatchtowerDashmonitorLambdaVersionxNCoyCWrRukuVzb7T74gAvmHuPLkiQ4q8d2QU056Y
CloudFormation - DELETE_IN_PROGRESS - AWS::Lambda::EventSourceMapping - WtDashmonitorDashtriggerEventSourceMappingKinesisInvocationStream
CloudFormation - DELETE_SKIPPED - AWS::Lambda::Version - WtDashmonitorDashtriggerLambdaVersionWT5aciq4h3rqWs1qc7AlZ5d9AcbiQUombl2TUQjoM
CloudFormation - DELETE_COMPLETE - AWS::ApiGateway::Deployment - ApiGatewayDeployment1590300170848
CloudFormation - DELETE_COMPLETE - AWS::Lambda::EventSourceMapping - WatchtowerDashingestionEventSourceMappingKinesisEventsStream
CloudFormation - DELETE_COMPLETE - AWS::Lambda::EventSourceMapping - WtDashmonitorDashtriggerEventSourceMappingKinesisInvocationStream
CloudFormation - DELETE_COMPLETE - AWS::S3::BucketPolicy - ServerlessDeploymentBucketPolicy
CloudFormation - DELETE_IN_PROGRESS - AWS::ApiGateway::Method - ApiGatewayMethodMicrobmarkGet
CloudFormation - DELETE_IN_PROGRESS - AWS::Lambda::Function - WatchtowerDashingestionLambdaFunction
CloudFormation - DELETE_IN_PROGRESS - AWS::Lambda::Function - WtDashmonitorDashtriggerLambdaFunction
CloudFormation - DELETE_COMPLETE - AWS::ApiGateway::Method - ApiGatewayMethodMicrobmarkGet
CloudFormation - DELETE_COMPLETE - AWS::Lambda::Function - WatchtowerDashingestionLambdaFunction
CloudFormation - DELETE_COMPLETE - AWS::Lambda::Function - WtDashmonitorDashtriggerLambdaFunction
CloudFormation - DELETE_IN_PROGRESS - AWS::ApiGateway::Resource - ApiGatewayResourceMicrobmark
CloudFormation - DELETE_IN_PROGRESS - AWS::Logs::LogGroup - WatchtowerDashingestionLogGroup
CloudFormation - DELETE_COMPLETE - AWS::ApiGateway::Resource - ApiGatewayResourceMicrobmark
CloudFormation - DELETE_IN_PROGRESS - AWS::IAM::Role - EventWriterRole
CloudFormation - DELETE_IN_PROGRESS - AWS::Logs::LogGroup - WtDashmonitorDashtriggerLogGroup
CloudFormation - DELETE_IN_PROGRESS - AWS::IAM::Role - StateMachineListExec
CloudFormation - DELETE_COMPLETE - AWS::Logs::LogGroup - WatchtowerDashingestionLogGroup
CloudFormation - DELETE_COMPLETE - AWS::Logs::LogGroup - WtDashmonitorDashtriggerLogGroup
CloudFormation - DELETE_COMPLETE - AWS::IAM::Role - EventWriterRole
CloudFormation - DELETE_COMPLETE - AWS::IAM::Role - StateMachineListExec
CloudFormation - DELETE_IN_PROGRESS - AWS::StepFunctions::StateMachine - WtCheckerMachine
CloudFormation - DELETE_COMPLETE - AWS::StepFunctions::StateMachine - WtCheckerMachine
CloudFormation - DELETE_IN_PROGRESS - AWS::IAM::Role - WtCheckerMachineRole
CloudFormation - DELETE_COMPLETE - AWS::IAM::Role - WtCheckerMachineRole
CloudFormation - DELETE_COMPLETE - AWS::Lambda::Permission - HelloLambdaPermissionApiGateway
CloudFormation - DELETE_IN_PROGRESS - AWS::Lambda::Function - WatchtowerDashmonitorLambdaFunction
CloudFormation - DELETE_IN_PROGRESS - AWS::Lambda::Function - HelloLambdaFunction
CloudFormation - DELETE_IN_PROGRESS - AWS::ApiGateway::RestApi - ApiGatewayRestApi
CloudFormation - DELETE_COMPLETE - AWS::Lambda::Function - WatchtowerDashmonitorLambdaFunction
CloudFormation - DELETE_COMPLETE - AWS::Lambda::Function - HelloLambdaFunction
CloudFormation - DELETE_COMPLETE - AWS::ApiGateway::RestApi - ApiGatewayRestApi
CloudFormation - DELETE_IN_PROGRESS - AWS::DynamoDB::Table - CheckpointsTable
CloudFormation - DELETE_IN_PROGRESS - AWS::Logs::LogGroup - WatchtowerDashmonitorLogGroup
CloudFormation - DELETE_IN_PROGRESS - AWS::IAM::Role - EventReaderRole
CloudFormation - DELETE_IN_PROGRESS - AWS::Logs::LogGroup - HelloLogGroup
CloudFormation - DELETE_IN_PROGRESS - AWS::IAM::Role - IamRoleLambdaExecution
CloudFormation - DELETE_IN_PROGRESS - AWS::S3::Bucket - ServerlessDeploymentBucket
CloudFormation - DELETE_COMPLETE - AWS::Logs::LogGroup - WatchtowerDashmonitorLogGroup
CloudFormation - DELETE_COMPLETE - AWS::Logs::LogGroup - HelloLogGroup
CloudFormation - DELETE_COMPLETE - AWS::S3::Bucket - ServerlessDeploymentBucket
CloudFormation - DELETE_COMPLETE - AWS::IAM::Role - EventReaderRole
CloudFormation - DELETE_COMPLETE - AWS::IAM::Role - IamRoleLambdaExecution
CloudFormation - DELETE_IN_PROGRESS - AWS::Kinesis::Stream - EventsStream
CloudFormation - DELETE_IN_PROGRESS - AWS::Kinesis::Stream - InvocationStream
CloudFormation - DELETE_IN_PROGRESS - AWS::DynamoDB::Table - EventsTable
CloudFormation - DELETE_COMPLETE - AWS::DynamoDB::Table - CheckpointsTable
Serverless: Stack removal finished...
~/watchtower-experiments/scaling/scripts
